Log file open, 09/25/21 17:38:50
LogWindows: Failed to load 'aqProf.dll' (GetLastError=126)
LogWindows: File 'aqProf.dll' does not exist
LogWindows: Failed to load 'VtuneApi.dll' (GetLastError=126)
LogWindows: File 'VtuneApi.dll' does not exist
LogWindows: Failed to load 'VtuneApi32e.dll' (GetLastError=126)
LogWindows: File 'VtuneApi32e.dll' does not exist
LogConsoleResponse: Display: Failed to find resolution value strings in scalability ini. Falling back to default.
LogConsoleResponse: Display: Failed to find resolution value strings in scalability ini. Falling back to default.
LogInit: Display: Running engine for game: NivelBasicoPersonaje
LogPlatformFile: Not using cached read wrapper
LogTaskGraph: Started task graph with 5 named threads and 47 total threads with 3 sets of task threads.
LogStats: Stats thread started at 0.194315
LogICUInternationalization: ICU TimeZone Detection - Raw Offset: -6:00, Platform Override: ''
LogInit: Display: Loading text-based GConfig....
LogPluginManager: Mounting plugin MeshPainting
LogPluginManager: Mounting plugin XGEController
LogPluginManager: Mounting plugin AISupport
LogPluginManager: Mounting plugin Paper2D
LogPluginManager: Mounting plugin EnvironmentQueryEditor
LogPluginManager: Mounting plugin LightPropagationVolume
LogPluginManager: Mounting plugin CameraShakePreviewer
LogPluginManager: Mounting plugin GameplayCameras
LogPluginManager: Mounting plugin OodleNetwork
LogPluginManager: Mounting plugin OodleData
LogPluginManager: Mounting plugin AnimationSharing
LogPluginManager: Mounting plugin CLionSourceCodeAccess
LogPluginManager: Mounting plugin GitSourceControl
LogPluginManager: Mounting plugin CodeLiteSourceCodeAccess
LogPluginManager: Mounting plugin KDevelopSourceCodeAccess
LogPluginManager: Mounting plugin NullSourceCodeAccess
LogPluginManager: Mounting plugin PerforceSourceControl
LogPluginManager: Mounting plugin PixWinPlugin
LogPluginManager: Mounting plugin PropertyAccessNode
LogPluginManager: Mounting plugin PluginUtils
LogPluginManager: Mounting plugin PlasticSourceControl
LogPluginManager: Mounting plugin RiderSourceCodeAccess
LogPluginManager: Mounting plugin TextureFormatOodle
LogPluginManager: Mounting plugin AssetManagerEditor
LogPluginManager: Mounting plugin SubversionSourceControl
LogPluginManager: Mounting plugin VisualStudioSourceCodeAccess
LogPluginManager: Mounting plugin XCodeSourceCodeAccess
LogPluginManager: Mounting plugin UObjectPlugin
LogPluginManager: Mounting plugin VisualStudioCodeSourceCodeAccess
LogPluginManager: Mounting plugin DataValidation
LogPluginManager: Mounting plugin FacialAnimation
LogPluginManager: Mounting plugin CryptoKeys
LogPluginManager: Mounting plugin CurveEditorTools
LogPluginManager: Mounting plugin GameplayTagsEditor
LogPluginManager: Mounting plugin GeometryMode
LogPluginManager: Mounting plugin DatasmithContent
LogPluginManager: Mounting plugin MaterialAnalyzer
LogPluginManager: Mounting plugin MobileLauncherProfileWizard
LogPluginManager: Mounting plugin PluginBrowser
LogPluginManager: Mounting plugin MacGraphicsSwitching
LogPluginManager: Mounting plugin SpeedTreeImporter
LogPluginManager: Mounting plugin VariantManagerContent
LogPluginManager: Mounting plugin AlembicImporter
LogPluginManager: Mounting plugin BackChannel
LogPluginManager: Mounting plugin AutomationUtils
LogPluginManager: Mounting plugin ChaosCloth
LogPluginManager: Mounting plugin ChaosClothEditor
LogPluginManager: Mounting plugin ChaosEditor
LogPluginManager: Mounting plugin ChaosNiagara
LogPluginManager: Mounting plugin ChaosSolverPlugin
LogPluginManager: Mounting plugin CharacterAI
LogPluginManager: Mounting plugin Niagara
LogPluginManager: Mounting plugin GeometryCache
LogPluginManager: Mounting plugin GeometryCollectionPlugin
LogPluginManager: Mounting plugin GeometryProcessing
LogPluginManager: Mounting plugin MotoSynth
LogPluginManager: Mounting plugin OpenImageDenoise
LogPluginManager: Mounting plugin PlatformCrypto
LogPluginManager: Mounting plugin PlanarCut
LogPluginManager: Mounting plugin ProxyLODPlugin
LogPluginManager: Mounting plugin PythonScriptPlugin
LogPluginManager: Mounting plugin LuminPlatformFeatures
LogPluginManager: Mounting plugin MagicLeap
LogPluginManager: Mounting plugin SkeletalReduction
LogPluginManager: Mounting plugin MagicLeapLightEstimation
LogPluginManager: Mounting plugin MagicLeapMedia
LogPluginManager: Mounting plugin MagicLeapPassableWorld
LogPluginManager: Mounting plugin MLSDK
LogPluginManager: Mounting plugin AndroidMedia
LogPluginManager: Mounting plugin AvfMedia
LogPluginManager: Mounting plugin ImgMedia
LogPluginManager: Mounting plugin MediaCompositing
LogPluginManager: Mounting plugin MediaPlayerEditor
LogPluginManager: Mounting plugin WebMMedia
LogPluginManager: Mounting plugin TcpMessaging
LogPluginManager: Mounting plugin UdpMessaging
LogPluginManager: Mounting plugin WmfMedia
LogPluginManager: Mounting plugin ActorSequence
LogPluginManager: Mounting plugin LevelSequenceEditor
LogPluginManager: Mounting plugin MatineeToLevelSequence
LogPluginManager: Mounting plugin TemplateSequence
LogPluginManager: Mounting plugin OnlineSubsystem
LogPluginManager: Mounting plugin LauncherChunkInstaller
LogPluginManager: Mounting plugin ActorLayerUtilities
LogPluginManager: Mounting plugin OnlineSubsystemNull
LogPluginManager: Mounting plugin OnlineSubsystemUtils
LogPluginManager: Mounting plugin AndroidMoviePlayer
LogPluginManager: Mounting plugin AndroidPermission
LogPluginManager: Mounting plugin AndroidDeviceProfileSelector
LogPluginManager: Mounting plugin AppleImageUtils
LogPluginManager: Mounting plugin AppleMoviePlayer
LogPluginManager: Mounting plugin ArchVisCharacter
LogPluginManager: Mounting plugin AudioCapture
LogPluginManager: Mounting plugin AssetTags
LogPluginManager: Mounting plugin AudioSynesthesia
LogPluginManager: Mounting plugin CableComponent
LogPluginManager: Mounting plugin ChunkDownloader
LogPluginManager: Mounting plugin CustomMeshComponent
LogPluginManager: Mounting plugin EditableMesh
LogPluginManager: Mounting plugin ExampleDeviceProfileSelector
LogPluginManager: Mounting plugin GoogleCloudMessaging
LogPluginManager: Mounting plugin GooglePAD
LogPluginManager: Mounting plugin IOSDeviceProfileSelector
LogPluginManager: Mounting plugin LinuxDeviceProfileSelector
LogPluginManager: Mounting plugin LocationServicesBPLibrary
LogPluginManager: Mounting plugin MobilePatchingUtils
LogPluginManager: Mounting plugin OpenXR
LogPluginManager: Mounting plugin OpenXREyeTracker
LogPluginManager: Mounting plugin OpenXRHandTracking
LogPluginManager: Mounting plugin PhysXVehicles
LogPluginManager: Mounting plugin PostSplashScreen
LogPluginManager: Mounting plugin ProceduralMeshComponent
LogPluginManager: Mounting plugin PropertyAccessEditor
LogPluginManager: Mounting plugin SignificanceManager
LogPluginManager: Mounting plugin RuntimePhysXCooking
LogPluginManager: Mounting plugin SoundFields
LogPluginManager: Mounting plugin Synthesis
LogPluginManager: Mounting plugin WebMMoviePlayer
LogPluginManager: Mounting plugin WindowsMoviePlayer
LogPluginManager: Mounting plugin Takes
LogPluginManager: Mounting plugin LiveLink
LogPluginManager: Mounting plugin ScreenshotTools
LogPluginManager: Mounting plugin ContentBrowserClassDataSource
LogPluginManager: Mounting plugin ContentBrowserAssetDataSource
LogPluginManager: Mounting plugin ContentBrowserFileDataSource
LogPluginManager: Mounting plugin OnlineSubsystemIOS
LogPluginManager: Mounting plugin OnlineSubsystemGooglePlay
PixWinPlugin: PIX capture plugin failed to initialize! Check that the process is launched from PIX.
LogInit: Using libcurl 7.55.1-DEV
LogInit:  - built for x86_64-pc-win32
LogInit:  - supports SSL with OpenSSL/1.1.1
LogInit:  - supports HTTP deflate (compression) using libz 1.2.8
LogInit:  - other features:
LogInit:      CURL_VERSION_SSL
LogInit:      CURL_VERSION_LIBZ
LogInit:      CURL_VERSION_IPV6
LogInit:      CURL_VERSION_ASYNCHDNS
LogInit:      CURL_VERSION_LARGEFILE
LogInit:      CURL_VERSION_IDN
LogInit:  CurlRequestOptions (configurable via config and command line):
LogInit:  - bVerifyPeer = true  - Libcurl will verify peer certificate
LogInit:  - bUseHttpProxy = false  - Libcurl will NOT use HTTP proxy
LogInit:  - bDontReuseConnections = false  - Libcurl will reuse connections
LogInit:  - MaxHostConnections = 16  - Libcurl will limit the number of connections to a host
LogInit:  - LocalHostAddr = Default
LogInit:  - BufferSize = 65536
LogOnline: OSS: Creating online subsystem instance for: NULL
LogInit: WinSock: version 1.1 (2.2), MaxSocks=32767, MaxUdp=65467
LogOnline: OSS: TryLoadSubsystemAndSetDefault: Loaded subsystem for module [NULL]
LogInit: Build: ++UE4+Release-4.27-CL-17155196
LogInit: Engine Version: 4.27.0-17155196+++UE4+Release-4.27
LogInit: Compatible Engine Version: 4.27.0-17155196+++UE4+Release-4.27
LogInit: Net CL: 17155196
LogInit: OS: Windows 10 (Release 2009) (), CPU: Intel(R) Core(TM) i7-10700 CPU @ 2.90GHz, GPU: NVIDIA GeForce RTX 2080 Ti
LogInit: Compiled (64-bit): Aug 13 2021 06:13:13
LogInit: Compiled with Visual C++: 19.24.28315.00
LogInit: Build Configuration: Development
LogInit: Branch Name: ++UE4+Release-4.27
LogInit: Command Line:  -EpicPortal -epicusername=IsaacPunisher85 -epicuserid=9bc93f4ac86d445ca0c3f8963d13596b -epiclocale=en -epicsandboxid=ue
LogInit: Base Directory: D:/Program Files (x86)/Epic Games/UE_4.27/Engine/Binaries/Win64/
LogInit: Allocator: TBB
LogInit: Installed Engine Build: 1
LogDevObjectVersion: Number of dev versions registered: 29
LogDevObjectVersion:   Dev-Blueprints (B0D832E4-1F89-4F0D-ACCF-7EB736FD4AA2): 10
LogDevObjectVersion:   Dev-Build (E1C64328-A22C-4D53-A36C-8E866417BD8C): 0
LogDevObjectVersion:   Dev-Core (375EC13C-06E4-48FB-B500-84F0262A717E): 4
LogDevObjectVersion:   Dev-Editor (E4B068ED-F494-42E9-A231-DA0B2E46BB41): 40
LogDevObjectVersion:   Dev-Framework (CFFC743F-43B0-4480-9391-14DF171D2073): 37
LogDevObjectVersion:   Dev-Mobile (B02B49B5-BB20-44E9-A304-32B752E40360): 3
LogDevObjectVersion:   Dev-Networking (A4E4105C-59A1-49B5-A7C5-40C4547EDFEE): 0
LogDevObjectVersion:   Dev-Online (39C831C9-5AE6-47DC-9A44-9C173E1C8E7C): 0
LogDevObjectVersion:   Dev-Physics (78F01B33-EBEA-4F98-B9B4-84EACCB95AA2): 14
LogDevObjectVersion:   Dev-Platform (6631380F-2D4D-43E0-8009-CF276956A95A): 0
LogDevObjectVersion:   Dev-Rendering (12F88B9F-8875-4AFC-A67C-D90C383ABD29): 45
LogDevObjectVersion:   Dev-Sequencer (7B5AE74C-D270-4C10-A958-57980B212A5A): 13
LogDevObjectVersion:   Dev-VR (D7296918-1DD6-4BDD-9DE2-64A83CC13884): 3
LogDevObjectVersion:   Dev-LoadTimes (C2A15278-BFE7-4AFE-6C17-90FF531DF755): 1
LogDevObjectVersion:   Private-Geometry (6EACA3D4-40EC-4CC1-B786-8BED09428FC5): 3
LogDevObjectVersion:   Dev-AnimPhys (29E575DD-E0A3-4627-9D10-D276232CDCEA): 17
LogDevObjectVersion:   Dev-Anim (AF43A65D-7FD3-4947-9873-3E8ED9C1BB05): 15
LogDevObjectVersion:   Dev-ReflectionCapture (6B266CEC-1EC7-4B8F-A30B-E4D90942FC07): 1
LogDevObjectVersion:   Dev-Automation (0DF73D61-A23F-47EA-B727-89E90C41499A): 1
LogDevObjectVersion:   FortniteMain (601D1886-AC64-4F84-AA16-D3DE0DEAC7D6): 47
LogDevObjectVersion:   FortniteRelease (E7086368-6B23-4C58-8439-1B7016265E91): 1
LogDevObjectVersion:   Dev-Enterprise (9DFFBCD6-494F-0158-E221-12823C92A888): 10
LogDevObjectVersion:   Dev-Niagara (F2AED0AC-9AFE-416F-8664-AA7FFA26D6FC): 1
LogDevObjectVersion:   Dev-Destruction (174F1F0B-B4C6-45A5-B13F-2EE8D0FB917D): 10
LogDevObjectVersion:   Dev-Physics-Ext (35F94A83-E258-406C-A318-09F59610247C): 41
LogDevObjectVersion:   Dev-PhysicsMaterial-Chaos (B68FC16E-8B1B-42E2-B453-215C058844FE): 1
LogDevObjectVersion:   Dev-CineCamera (B2E18506-4273-CFC2-A54E-F4BB758BBA07): 1
LogDevObjectVersion:   Dev-VirtualProduction (64F58936-FD1B-42BA-BA96-7289D5D0FA4E): 1
LogDevObjectVersion:   Dev-MediaFramework (6F0ED827-A609-4895-9C91-998D90180EA4): 2
LogInit: Presizing for max 25165824 objects, including 0 objects not considered by GC, pre-allocating 0 bytes for permanent pool.
LogConfig: Applying CVar settings from Section [/Script/Engine.StreamingSettings] File [C:/Users/isach/source/repos/IsaacXB/DVJ2/ActividadGrupal/NivelBasicoPersonaje/Saved/Config/Windows/Engine.ini]
LogConfig: Setting CVar [[s.MinBulkDataSizeForAsyncLoading:131072]]
LogConfig: Setting CVar [[s.AsyncLoadingThreadEnabled:0]]
LogConfig: Setting CVar [[s.EventDrivenLoaderEnabled:1]]
LogConfig: Setting CVar [[s.WarnIfTimeLimitExceeded:0]]
LogConfig: Setting CVar [[s.TimeLimitExceededMultiplier:1.5]]
LogConfig: Setting CVar [[s.TimeLimitExceededMinTime:0.005]]
LogConfig: Setting CVar [[s.UseBackgroundLevelStreaming:1]]
LogConfig: Setting CVar [[s.PriorityAsyncLoadingExtraTime:15.0]]
LogConfig: Setting CVar [[s.LevelStreamingActorsUpdateTimeLimit:5.0]]
LogConfig: Setting CVar [[s.PriorityLevelStreamingActorsUpdateExtraTime:5.0]]
LogConfig: Setting CVar [[s.LevelStreamingComponentsRegistrationGranularity:10]]
LogConfig: Setting CVar [[s.UnregisterComponentsTimeLimit:1.0]]
LogConfig: Setting CVar [[s.LevelStreamingComponentsUnregistrationGranularity:5]]
LogConfig: Setting CVar [[s.FlushStreamingOnExit:1]]
LogInit: Object subsystem initialized
LogConfig: Setting CVar [[con.DebugEarlyDefault:1]]
LogConfig: Setting CVar [[r.setres:1280x720]]
[2021.09.25-23.38.50:823][  0]LogConfig: Setting CVar [[r.VSync:0]]
[2021.09.25-23.38.50:823][  0]LogConfig: Setting CVar [[r.RHICmdBypass:0]]
[2021.09.25-23.38.50:823][  0]LogConfig: Applying CVar settings from Section [/Script/Engine.RendererSettings] File [C:/Users/isach/source/repos/IsaacXB/DVJ2/ActividadGrupal/NivelBasicoPersonaje/Saved/Config/Windows/Engine.ini]
[2021.09.25-23.38.50:823][  0]LogConfig: Setting CVar [[r.GPUCrashDebugging:0]]
[2021.09.25-23.38.50:823][  0]LogConfig: Applying CVar settings from Section [/Script/Engine.RendererOverrideSettings] File [C:/Users/isach/source/repos/IsaacXB/DVJ2/ActividadGrupal/NivelBasicoPersonaje/Saved/Config/Windows/Engine.ini]
[2021.09.25-23.38.50:823][  0]LogConfig: Applying CVar settings from Section [/Script/Engine.StreamingSettings] File [C:/Users/isach/source/repos/IsaacXB/DVJ2/ActividadGrupal/NivelBasicoPersonaje/Saved/Config/Windows/Engine.ini]
[2021.09.25-23.38.50:823][  0]LogConfig: Setting CVar [[s.MinBulkDataSizeForAsyncLoading:131072]]
[2021.09.25-23.38.50:823][  0]LogConfig: Setting CVar [[s.AsyncLoadingThreadEnabled:0]]
[2021.09.25-23.38.50:823][  0]LogConfig: Setting CVar [[s.EventDrivenLoaderEnabled:1]]
[2021.09.25-23.38.50:823][  0]LogConfig: Setting CVar [[s.WarnIfTimeLimitExceeded:0]]
[2021.09.25-23.38.50:823][  0]LogConfig: Setting CVar [[s.TimeLimitExceededMultiplier:1.5]]
[2021.09.25-23.38.50:823][  0]LogConfig: Setting CVar [[s.TimeLimitExceededMinTime:0.005]]
[2021.09.25-23.38.50:823][  0]LogConfig: Setting CVar [[s.UseBackgroundLevelStreaming:1]]
[2021.09.25-23.38.50:823][  0]LogConfig: Setting CVar [[s.PriorityAsyncLoadingExtraTime:15.0]]
[2021.09.25-23.38.50:823][  0]LogConfig: Setting CVar [[s.LevelStreamingActorsUpdateTimeLimit:5.0]]
[2021.09.25-23.38.50:823][  0]LogConfig: Setting CVar [[s.PriorityLevelStreamingActorsUpdateExtraTime:5.0]]
[2021.09.25-23.38.50:823][  0]LogConfig: Setting CVar [[s.LevelStreamingComponentsRegistrationGranularity:10]]
[2021.09.25-23.38.50:823][  0]LogConfig: Setting CVar [[s.UnregisterComponentsTimeLimit:1.0]]
[2021.09.25-23.38.50:823][  0]LogConfig: Setting CVar [[s.LevelStreamingComponentsUnregistrationGranularity:5]]
[2021.09.25-23.38.50:823][  0]LogConfig: Setting CVar [[s.FlushStreamingOnExit:1]]
[2021.09.25-23.38.50:823][  0]LogConfig: Applying CVar settings from Section [/Script/Engine.GarbageCollectionSettings] File [C:/Users/isach/source/repos/IsaacXB/DVJ2/ActividadGrupal/NivelBasicoPersonaje/Saved/Config/Windows/Engine.ini]
[2021.09.25-23.38.50:823][  0]LogConfig: Setting CVar [[gc.MaxObjectsNotConsideredByGC:1]]
[2021.09.25-23.38.50:823][  0]LogConfig: Setting CVar [[gc.SizeOfPermanentObjectPool:0]]
[2021.09.25-23.38.50:823][  0]LogConfig: Setting CVar [[gc.FlushStreamingOnGC:0]]
[2021.09.25-23.38.50:823][  0]LogConfig: Setting CVar [[gc.NumRetriesBeforeForcingGC:10]]
[2021.09.25-23.38.50:823][  0]LogConfig: Setting CVar [[gc.AllowParallelGC:1]]
[2021.09.25-23.38.50:823][  0]LogConfig: Setting CVar [[gc.TimeBetweenPurgingPendingKillObjects:61.1]]
[2021.09.25-23.38.50:823][  0]LogConfig: Setting CVar [[gc.MaxObjectsInEditor:25165824]]
[2021.09.25-23.38.50:823][  0]LogConfig: Setting CVar [[gc.IncrementalBeginDestroyEnabled:1]]
[2021.09.25-23.38.50:823][  0]LogConfig: Setting CVar [[gc.CreateGCClusters:1]]
[2021.09.25-23.38.50:823][  0]LogConfig: Setting CVar [[gc.MinGCClusterSize:5]]
[2021.09.25-23.38.50:823][  0]LogConfig: Setting CVar [[gc.ActorClusteringEnabled:0]]
[2021.09.25-23.38.50:823][  0]LogConfig: Setting CVar [[gc.BlueprintClusteringEnabled:0]]
[2021.09.25-23.38.50:823][  0]LogConfig: Setting CVar [[gc.UseDisregardForGCOnDedicatedServers:0]]
[2021.09.25-23.38.50:823][  0]LogConfig: Setting CVar [[gc.MultithreadedDestructionEnabled:1]]
[2021.09.25-23.38.50:823][  0]LogConfig: Applying CVar settings from Section [/Script/Engine.NetworkSettings] File [C:/Users/isach/source/repos/IsaacXB/DVJ2/ActividadGrupal/NivelBasicoPersonaje/Saved/Config/Windows/Engine.ini]
[2021.09.25-23.38.50:823][  0]LogConfig: Applying CVar settings from Section [/Script/UnrealEd.CookerSettings] File [C:/Users/isach/source/repos/IsaacXB/DVJ2/ActividadGrupal/NivelBasicoPersonaje/Saved/Config/Windows/Engine.ini]
[2021.09.25-23.38.50:843][  0]LogConfig: Applying CVar settings from Section [ViewDistanceQuality@3] File [C:/Users/isach/source/repos/IsaacXB/DVJ2/ActividadGrupal/NivelBasicoPersonaje/Saved/Config/Windows/Scalability.ini]
[2021.09.25-23.38.50:843][  0]LogConfig: Setting CVar [[r.SkeletalMeshLODBias:0]]
[2021.09.25-23.38.50:843][  0]LogConfig: Setting CVar [[r.ViewDistanceScale:1.0]]
[2021.09.25-23.38.50:843][  0]LogConfig: Applying CVar settings from Section [AntiAliasingQuality@3] File [C:/Users/isach/source/repos/IsaacXB/DVJ2/ActividadGrupal/NivelBasicoPersonaje/Saved/Config/Windows/Scalability.ini]
[2021.09.25-23.38.50:843][  0]LogConfig: Setting CVar [[r.PostProcessAAQuality:4]]
[2021.09.25-23.38.50:843][  0]LogConfig: Applying CVar settings from Section [ShadowQuality@3] File [C:/Users/isach/source/repos/IsaacXB/DVJ2/ActividadGrupal/NivelBasicoPersonaje/Saved/Config/Windows/Scalability.ini]
[2021.09.25-23.38.50:843][  0]LogConfig: Setting CVar [[r.LightFunctionQuality:1]]
[2021.09.25-23.38.50:843][  0]LogConfig: Setting CVar [[r.ShadowQuality:5]]
[2021.09.25-23.38.50:843][  0]LogConfig: Setting CVar [[r.Shadow.CSM.MaxCascades:10]]
[2021.09.25-23.38.50:843][  0]LogConfig: Setting CVar [[r.Shadow.MaxResolution:2048]]
[2021.09.25-23.38.50:843][  0]LogConfig: Setting CVar [[r.Shadow.MaxCSMResolution:2048]]
[2021.09.25-23.38.50:843][  0]LogConfig: Setting CVar [[r.Shadow.RadiusThreshold:0.01]]
[2021.09.25-23.38.50:843][  0]LogConfig: Setting CVar [[r.Shadow.DistanceScale:1.0]]
[2021.09.25-23.38.50:843][  0]LogConfig: Setting CVar [[r.Shadow.CSM.TransitionScale:1.0]]
[2021.09.25-23.38.50:843][  0]LogConfig: Setting CVar [[r.Shadow.PreShadowResolutionFactor:1.0]]
[2021.09.25-23.38.50:843][  0]LogConfig: Setting CVar [[r.DistanceFieldShadowing:1]]
[2021.09.25-23.38.50:843][  0]LogConfig: Setting CVar [[r.DistanceFieldAO:1]]
[2021.09.25-23.38.50:843][  0]LogConfig: Setting CVar [[r.AOQuality:2]]
[2021.09.25-23.38.50:843][  0]LogConfig: Setting CVar [[r.VolumetricFog:1]]
[2021.09.25-23.38.50:843][  0]LogConfig: Setting CVar [[r.VolumetricFog.GridPixelSize:8]]
[2021.09.25-23.38.50:843][  0]LogConfig: Setting CVar [[r.VolumetricFog.GridSizeZ:128]]
[2021.09.25-23.38.50:843][  0]LogConfig: Setting CVar [[r.VolumetricFog.HistoryMissSupersampleCount:4]]
[2021.09.25-23.38.50:843][  0]LogConfig: Setting CVar [[r.LightMaxDrawDistanceScale:1]]
[2021.09.25-23.38.50:843][  0]LogConfig: Setting CVar [[r.CapsuleShadows:1]]
[2021.09.25-23.38.50:843][  0]LogConfig: Applying CVar settings from Section [PostProcessQuality@3] File [C:/Users/isach/source/repos/IsaacXB/DVJ2/ActividadGrupal/NivelBasicoPersonaje/Saved/Config/Windows/Scalability.ini]
[2021.09.25-23.38.50:843][  0]LogConfig: Setting CVar [[r.MotionBlurQuality:4]]
[2021.09.25-23.38.50:843][  0]LogConfig: Setting CVar [[r.AmbientOcclusionMipLevelFactor:0.4]]
[2021.09.25-23.38.50:843][  0]LogConfig: Setting CVar [[r.AmbientOcclusionMaxQuality:100]]
[2021.09.25-23.38.50:843][  0]LogConfig: Setting CVar [[r.AmbientOcclusionLevels:-1]]
[2021.09.25-23.38.50:843][  0]LogConfig: Setting CVar [[r.AmbientOcclusionRadiusScale:1.0]]
[2021.09.25-23.38.50:843][  0]LogConfig: Setting CVar [[r.DepthOfFieldQuality:2]]
[2021.09.25-23.38.50:843][  0]LogConfig: Setting CVar [[r.RenderTargetPoolMin:400]]
[2021.09.25-23.38.50:843][  0]LogConfig: Setting CVar [[r.LensFlareQuality:2]]
[2021.09.25-23.38.50:843][  0]LogConfig: Setting CVar [[r.SceneColorFringeQuality:1]]
[2021.09.25-23.38.50:843][  0]LogConfig: Setting CVar [[r.EyeAdaptationQuality:2]]
[2021.09.25-23.38.50:843][  0]LogConfig: Setting CVar [[r.BloomQuality:5]]
[2021.09.25-23.38.50:843][  0]LogConfig: Setting CVar [[r.FastBlurThreshold:100]]
[2021.09.25-23.38.50:843][  0]LogConfig: Setting CVar [[r.Upscale.Quality:3]]
[2021.09.25-23.38.50:844][  0]LogConfig: Setting CVar [[r.Tonemapper.GrainQuantization:1]]
[2021.09.25-23.38.50:844][  0]LogConfig: Setting CVar [[r.LightShaftQuality:1]]
[2021.09.25-23.38.50:844][  0]LogConfig: Setting CVar [[r.Filter.SizeScale:1]]
[2021.09.25-23.38.50:844][  0]LogConfig: Setting CVar [[r.Tonemapper.Quality:5]]
[2021.09.25-23.38.50:844][  0]LogConfig: Setting CVar [[r.DOF.Gather.AccumulatorQuality:1        ; higher gathering accumulator quality]]
[2021.09.25-23.38.50:844][  0]LogConfig: Setting CVar [[r.DOF.Gather.PostfilterMethod:1          ; Median3x3 postfilering method]]
[2021.09.25-23.38.50:844][  0]LogConfig: Setting CVar [[r.DOF.Gather.EnableBokehSettings:0       ; no bokeh simulation when gathering]]
[2021.09.25-23.38.50:844][  0]LogConfig: Setting CVar [[r.DOF.Gather.RingCount:4                 ; medium number of samples when gathering]]
[2021.09.25-23.38.50:844][  0]LogConfig: Setting CVar [[r.DOF.Scatter.ForegroundCompositing:1    ; additive foreground scattering]]
[2021.09.25-23.38.50:844][  0]LogConfig: Setting CVar [[r.DOF.Scatter.BackgroundCompositing:2    ; additive background scattering]]
[2021.09.25-23.38.50:844][  0]LogConfig: Setting CVar [[r.DOF.Scatter.EnableBokehSettings:1      ; bokeh simulation when scattering]]
[2021.09.25-23.38.50:844][  0]LogConfig: Setting CVar [[r.DOF.Scatter.MaxSpriteRatio:0.1         ; only a maximum of 10% of scattered bokeh]]
[2021.09.25-23.38.50:844][  0]LogConfig: Setting CVar [[r.DOF.Recombine.Quality:1                ; cheap slight out of focus]]
[2021.09.25-23.38.50:844][  0]LogConfig: Setting CVar [[r.DOF.Recombine.EnableBokehSettings:0    ; no bokeh simulation on slight out of focus]]
[2021.09.25-23.38.50:844][  0]LogConfig: Setting CVar [[r.DOF.TemporalAAQuality:1                ; more stable temporal accumulation]]
[2021.09.25-23.38.50:844][  0]LogConfig: Setting CVar [[r.DOF.Kernel.MaxForegroundRadius:0.025]]
[2021.09.25-23.38.50:844][  0]LogConfig: Setting CVar [[r.DOF.Kernel.MaxBackgroundRadius:0.025]]
[2021.09.25-23.38.50:844][  0]LogConfig: Applying CVar settings from Section [TextureQuality@3] File [C:/Users/isach/source/repos/IsaacXB/DVJ2/ActividadGrupal/NivelBasicoPersonaje/Saved/Config/Windows/Scalability.ini]
[2021.09.25-23.38.50:844][  0]LogConfig: Setting CVar [[r.Streaming.MipBias:0]]
[2021.09.25-23.38.50:844][  0]LogConfig: Setting CVar [[r.Streaming.AmortizeCPUToGPUCopy:0]]
[2021.09.25-23.38.50:844][  0]LogConfig: Setting CVar [[r.Streaming.MaxNumTexturesToStreamPerFrame:0]]
[2021.09.25-23.38.50:844][  0]LogConfig: Setting CVar [[r.Streaming.Boost:1]]
[2021.09.25-23.38.50:844][  0]LogConfig: Setting CVar [[r.MaxAnisotropy:8]]
[2021.09.25-23.38.50:844][  0]LogConfig: Setting CVar [[r.VT.MaxAnisotropy:8]]
[2021.09.25-23.38.50:844][  0]LogConfig: Setting CVar [[r.Streaming.LimitPoolSizeToVRAM:0]]
[2021.09.25-23.38.50:844][  0]LogConfig: Setting CVar [[r.Streaming.PoolSize:1000]]
[2021.09.25-23.38.50:844][  0]LogConfig: Setting CVar [[r.Streaming.MaxEffectiveScreenSize:0]]
[2021.09.25-23.38.50:844][  0]LogConfig: Applying CVar settings from Section [EffectsQuality@3] File [C:/Users/isach/source/repos/IsaacXB/DVJ2/ActividadGrupal/NivelBasicoPersonaje/Saved/Config/Windows/Scalability.ini]
[2021.09.25-23.38.50:844][  0]LogConfig: Setting CVar [[r.TranslucencyLightingVolumeDim:64]]
[2021.09.25-23.38.50:844][  0]LogConfig: Setting CVar [[r.RefractionQuality:2]]
[2021.09.25-23.38.50:844][  0]LogConfig: Setting CVar [[r.SSR.Quality:3]]
[2021.09.25-23.38.50:844][  0]LogConfig: Setting CVar [[r.SSR.HalfResSceneColor:0]]
[2021.09.25-23.38.50:844][  0]LogConfig: Setting CVar [[r.SceneColorFormat:4]]
[2021.09.25-23.38.50:844][  0]LogConfig: Setting CVar [[r.DetailMode:2]]
[2021.09.25-23.38.50:844][  0]LogConfig: Setting CVar [[r.TranslucencyVolumeBlur:1]]
[2021.09.25-23.38.50:844][  0]LogConfig: Setting CVar [[r.MaterialQualityLevel:1 ; High quality]]
[2021.09.25-23.38.50:844][  0]LogConfig: Setting CVar [[r.AnisotropicMaterials:1]]
[2021.09.25-23.38.50:844][  0]LogConfig: Setting CVar [[r.SSS.Scale:1]]
[2021.09.25-23.38.50:844][  0]LogConfig: Setting CVar [[r.SSS.SampleSet:2]]
[2021.09.25-23.38.50:844][  0]LogConfig: Setting CVar [[r.SSS.Quality:1]]
[2021.09.25-23.38.50:844][  0]LogConfig: Setting CVar [[r.SSS.HalfRes:0]]
[2021.09.25-23.38.50:844][  0]LogConfig: Setting CVar [[r.SSGI.Quality:3]]
[2021.09.25-23.38.50:844][  0]LogConfig: Setting CVar [[r.EmitterSpawnRateScale:1.0]]
[2021.09.25-23.38.50:844][  0]LogConfig: Setting CVar [[r.ParticleLightQuality:2]]
[2021.09.25-23.38.50:844][  0]LogConfig: Setting CVar [[r.SkyAtmosphere.AerialPerspectiveLUT.FastApplyOnOpaque:1 ; Always have FastSkyLUT 1 in this case to avoid wrong sky]]
[2021.09.25-23.38.50:844][  0]LogConfig: Setting CVar [[r.SkyAtmosphere.AerialPerspectiveLUT.SampleCountMaxPerSlice:4]]
[2021.09.25-23.38.50:844][  0]LogConfig: Setting CVar [[r.SkyAtmosphere.AerialPerspectiveLUT.DepthResolution:16.0]]
[2021.09.25-23.38.50:844][  0]LogConfig: Setting CVar [[r.SkyAtmosphere.FastSkyLUT:1]]
[2021.09.25-23.38.50:844][  0]LogConfig: Setting CVar [[r.SkyAtmosphere.FastSkyLUT.SampleCountMin:4.0]]
[2021.09.25-23.38.50:844][  0]LogConfig: Setting CVar [[r.SkyAtmosphere.FastSkyLUT.SampleCountMax:128.0]]
[2021.09.25-23.38.50:844][  0]LogConfig: Setting CVar [[r.SkyAtmosphere.SampleCountMin:4.0]]
[2021.09.25-23.38.50:844][  0]LogConfig: Setting CVar [[r.SkyAtmosphere.SampleCountMax:128.0]]
[2021.09.25-23.38.50:844][  0]LogConfig: Setting CVar [[r.SkyAtmosphere.TransmittanceLUT.UseSmallFormat:0]]
[2021.09.25-23.38.50:844][  0]LogConfig: Setting CVar [[r.SkyAtmosphere.TransmittanceLUT.SampleCount:10.0]]
[2021.09.25-23.38.50:844][  0]LogConfig: Setting CVar [[r.SkyAtmosphere.MultiScatteringLUT.SampleCount:15.0]]
[2021.09.25-23.38.50:844][  0]LogConfig: Setting CVar [[r.SkyLight.RealTimeReflectionCapture:1]]
[2021.09.25-23.38.50:844][  0]LogConfig: Applying CVar settings from Section [FoliageQuality@3] File [C:/Users/isach/source/repos/IsaacXB/DVJ2/ActividadGrupal/NivelBasicoPersonaje/Saved/Config/Windows/Scalability.ini]
[2021.09.25-23.38.50:844][  0]LogConfig: Setting CVar [[foliage.DensityScale:1.0]]
[2021.09.25-23.38.50:844][  0]LogConfig: Setting CVar [[grass.DensityScale:1.0]]
[2021.09.25-23.38.50:844][  0]LogConfig: Applying CVar settings from Section [ShadingQuality@3] File [C:/Users/isach/source/repos/IsaacXB/DVJ2/ActividadGrupal/NivelBasicoPersonaje/Saved/Config/Windows/Scalability.ini]
[2021.09.25-23.38.50:844][  0]LogConfig: Setting CVar [[r.HairStrands.SkyLighting.IntegrationType:2]]
[2021.09.25-23.38.50:844][  0]LogConfig: Setting CVar [[r.HairStrands.SkyAO.SampleCount:4]]
[2021.09.25-23.38.50:844][  0]LogConfig: Setting CVar [[r.HairStrands.Visibility.MSAA.SamplePerPixel:4]]
[2021.09.25-23.38.50:844][  0]LogInit: Selected Device Profile: [Windows]
[2021.09.25-23.38.50:844][  0]LogInit: Applying CVar settings loaded from the selected device profile: [Windows]
[2021.09.25-23.38.50:844][  0]LogHAL: Display: Platform has ~ 64 GB [68483461120 / 68719476736 / 64], which maps to Largest [LargestMinGB=32, LargerMinGB=12, DefaultMinGB=8, SmallerMinGB=6, SmallestMinGB=0)
[2021.09.25-23.38.50:844][  0]LogInit: Going up to parent DeviceProfile []
[2021.09.25-23.38.50:844][  0]LogConfig: Applying CVar settings from Section [ViewDistanceQuality@3] File [C:/Users/isach/source/repos/IsaacXB/DVJ2/ActividadGrupal/NivelBasicoPersonaje/Saved/Config/Windows/Scalability.ini]
[2021.09.25-23.38.50:844][  0]LogConfig: Setting CVar [[r.SkeletalMeshLODBias:0]]
[2021.09.25-23.38.50:844][  0]LogConfig: Setting CVar [[r.ViewDistanceScale:1.0]]
[2021.09.25-23.38.50:844][  0]LogConfig: Applying CVar settings from Section [AntiAliasingQuality@3] File [C:/Users/isach/source/repos/IsaacXB/DVJ2/ActividadGrupal/NivelBasicoPersonaje/Saved/Config/Windows/Scalability.ini]
[2021.09.25-23.38.50:844][  0]LogConfig: Setting CVar [[r.PostProcessAAQuality:4]]
[2021.09.25-23.38.50:844][  0]LogConfig: Applying CVar settings from Section [ShadowQuality@3] File [C:/Users/isach/source/repos/IsaacXB/DVJ2/ActividadGrupal/NivelBasicoPersonaje/Saved/Config/Windows/Scalability.ini]
[2021.09.25-23.38.50:844][  0]LogConfig: Setting CVar [[r.LightFunctionQuality:1]]
[2021.09.25-23.38.50:844][  0]LogConfig: Setting CVar [[r.ShadowQuality:5]]
[2021.09.25-23.38.50:844][  0]LogConfig: Setting CVar [[r.Shadow.CSM.MaxCascades:10]]
[2021.09.25-23.38.50:844][  0]LogConfig: Setting CVar [[r.Shadow.MaxResolution:2048]]
[2021.09.25-23.38.50:844][  0]LogConfig: Setting CVar [[r.Shadow.MaxCSMResolution:2048]]
[2021.09.25-23.38.50:844][  0]LogConfig: Setting CVar [[r.Shadow.RadiusThreshold:0.01]]
[2021.09.25-23.38.50:844][  0]LogConfig: Setting CVar [[r.Shadow.DistanceScale:1.0]]
[2021.09.25-23.38.50:844][  0]LogConfig: Setting CVar [[r.Shadow.CSM.TransitionScale:1.0]]
[2021.09.25-23.38.50:844][  0]LogConfig: Setting CVar [[r.Shadow.PreShadowResolutionFactor:1.0]]
[2021.09.25-23.38.50:844][  0]LogConfig: Setting CVar [[r.DistanceFieldShadowing:1]]
[2021.09.25-23.38.50:844][  0]LogConfig: Setting CVar [[r.DistanceFieldAO:1]]
[2021.09.25-23.38.50:844][  0]LogConfig: Setting CVar [[r.AOQuality:2]]
[2021.09.25-23.38.50:844][  0]LogConfig: Setting CVar [[r.VolumetricFog:1]]
[2021.09.25-23.38.50:844][  0]LogConfig: Setting CVar [[r.VolumetricFog.GridPixelSize:8]]
[2021.09.25-23.38.50:844][  0]LogConfig: Setting CVar [[r.VolumetricFog.GridSizeZ:128]]
[2021.09.25-23.38.50:844][  0]LogConfig: Setting CVar [[r.VolumetricFog.HistoryMissSupersampleCount:4]]
[2021.09.25-23.38.50:844][  0]LogConfig: Setting CVar [[r.LightMaxDrawDistanceScale:1]]
[2021.09.25-23.38.50:844][  0]LogConfig: Setting CVar [[r.CapsuleShadows:1]]
[2021.09.25-23.38.50:844][  0]LogConfig: Applying CVar settings from Section [PostProcessQuality@3] File [C:/Users/isach/source/repos/IsaacXB/DVJ2/ActividadGrupal/NivelBasicoPersonaje/Saved/Config/Windows/Scalability.ini]
[2021.09.25-23.38.50:844][  0]LogConfig: Setting CVar [[r.MotionBlurQuality:4]]
[2021.09.25-23.38.50:844][  0]LogConfig: Setting CVar [[r.AmbientOcclusionMipLevelFactor:0.4]]
[2021.09.25-23.38.50:844][  0]LogConfig: Setting CVar [[r.AmbientOcclusionMaxQuality:100]]
[2021.09.25-23.38.50:844][  0]LogConfig: Setting CVar [[r.AmbientOcclusionLevels:-1]]
[2021.09.25-23.38.50:844][  0]LogConfig: Setting CVar [[r.AmbientOcclusionRadiusScale:1.0]]
[2021.09.25-23.38.50:844][  0]LogConfig: Setting CVar [[r.DepthOfFieldQuality:2]]
[2021.09.25-23.38.50:844][  0]LogConfig: Setting CVar [[r.RenderTargetPoolMin:400]]
[2021.09.25-23.38.50:844][  0]LogConfig: Setting CVar [[r.LensFlareQuality:2]]
[2021.09.25-23.38.50:844][  0]LogConfig: Setting CVar [[r.SceneColorFringeQuality:1]]
[2021.09.25-23.38.50:844][  0]LogConfig: Setting CVar [[r.EyeAdaptationQuality:2]]
[2021.09.25-23.38.50:845][  0]LogConfig: Setting CVar [[r.BloomQuality:5]]
[2021.09.25-23.38.50:845][  0]LogConfig: Setting CVar [[r.FastBlurThreshold:100]]
[2021.09.25-23.38.50:845][  0]LogConfig: Setting CVar [[r.Upscale.Quality:3]]
[2021.09.25-23.38.50:845][  0]LogConfig: Setting CVar [[r.Tonemapper.GrainQuantization:1]]
[2021.09.25-23.38.50:845][  0]LogConfig: Setting CVar [[r.LightShaftQuality:1]]
[2021.09.25-23.38.50:845][  0]LogConfig: Setting CVar [[r.Filter.SizeScale:1]]
[2021.09.25-23.38.50:845][  0]LogConfig: Setting CVar [[r.Tonemapper.Quality:5]]
[2021.09.25-23.38.50:845][  0]LogConfig: Setting CVar [[r.DOF.Gather.AccumulatorQuality:1        ; higher gathering accumulator quality]]
[2021.09.25-23.38.50:845][  0]LogConfig: Setting CVar [[r.DOF.Gather.PostfilterMethod:1          ; Median3x3 postfilering method]]
[2021.09.25-23.38.50:845][  0]LogConfig: Setting CVar [[r.DOF.Gather.EnableBokehSettings:0       ; no bokeh simulation when gathering]]
[2021.09.25-23.38.50:845][  0]LogConfig: Setting CVar [[r.DOF.Gather.RingCount:4                 ; medium number of samples when gathering]]
[2021.09.25-23.38.50:845][  0]LogConfig: Setting CVar [[r.DOF.Scatter.ForegroundCompositing:1    ; additive foreground scattering]]
[2021.09.25-23.38.50:845][  0]LogConfig: Setting CVar [[r.DOF.Scatter.BackgroundCompositing:2    ; additive background scattering]]
[2021.09.25-23.38.50:845][  0]LogConfig: Setting CVar [[r.DOF.Scatter.EnableBokehSettings:1      ; bokeh simulation when scattering]]
[2021.09.25-23.38.50:845][  0]LogConfig: Setting CVar [[r.DOF.Scatter.MaxSpriteRatio:0.1         ; only a maximum of 10% of scattered bokeh]]
[2021.09.25-23.38.50:845][  0]LogConfig: Setting CVar [[r.DOF.Recombine.Quality:1                ; cheap slight out of focus]]
[2021.09.25-23.38.50:845][  0]LogConfig: Setting CVar [[r.DOF.Recombine.EnableBokehSettings:0    ; no bokeh simulation on slight out of focus]]
[2021.09.25-23.38.50:845][  0]LogConfig: Setting CVar [[r.DOF.TemporalAAQuality:1                ; more stable temporal accumulation]]
[2021.09.25-23.38.50:845][  0]LogConfig: Setting CVar [[r.DOF.Kernel.MaxForegroundRadius:0.025]]
[2021.09.25-23.38.50:845][  0]LogConfig: Setting CVar [[r.DOF.Kernel.MaxBackgroundRadius:0.025]]
[2021.09.25-23.38.50:845][  0]LogConfig: Applying CVar settings from Section [TextureQuality@3] File [C:/Users/isach/source/repos/IsaacXB/DVJ2/ActividadGrupal/NivelBasicoPersonaje/Saved/Config/Windows/Scalability.ini]
[2021.09.25-23.38.50:845][  0]LogConfig: Setting CVar [[r.Streaming.MipBias:0]]
[2021.09.25-23.38.50:845][  0]LogConfig: Setting CVar [[r.Streaming.AmortizeCPUToGPUCopy:0]]
[2021.09.25-23.38.50:845][  0]LogConfig: Setting CVar [[r.Streaming.MaxNumTexturesToStreamPerFrame:0]]
[2021.09.25-23.38.50:845][  0]LogConfig: Setting CVar [[r.Streaming.Boost:1]]
[2021.09.25-23.38.50:845][  0]LogConfig: Setting CVar [[r.MaxAnisotropy:8]]
[2021.09.25-23.38.50:845][  0]LogConfig: Setting CVar [[r.VT.MaxAnisotropy:8]]
[2021.09.25-23.38.50:845][  0]LogConfig: Setting CVar [[r.Streaming.LimitPoolSizeToVRAM:0]]
[2021.09.25-23.38.50:845][  0]LogConfig: Setting CVar [[r.Streaming.PoolSize:1000]]
[2021.09.25-23.38.50:845][  0]LogConfig: Setting CVar [[r.Streaming.MaxEffectiveScreenSize:0]]
[2021.09.25-23.38.50:845][  0]LogConfig: Applying CVar settings from Section [EffectsQuality@3] File [C:/Users/isach/source/repos/IsaacXB/DVJ2/ActividadGrupal/NivelBasicoPersonaje/Saved/Config/Windows/Scalability.ini]
[2021.09.25-23.38.50:845][  0]LogConfig: Setting CVar [[r.TranslucencyLightingVolumeDim:64]]
[2021.09.25-23.38.50:845][  0]LogConfig: Setting CVar [[r.RefractionQuality:2]]
[2021.09.25-23.38.50:845][  0]LogConfig: Setting CVar [[r.SSR.Quality:3]]
[2021.09.25-23.38.50:845][  0]LogConfig: Setting CVar [[r.SSR.HalfResSceneColor:0]]
[2021.09.25-23.38.50:845][  0]LogConfig: Setting CVar [[r.SceneColorFormat:4]]
[2021.09.25-23.38.50:845][  0]LogConfig: Setting CVar [[r.DetailMode:2]]
[2021.09.25-23.38.50:845][  0]LogConfig: Setting CVar [[r.TranslucencyVolumeBlur:1]]
[2021.09.25-23.38.50:845][  0]LogConfig: Setting CVar [[r.MaterialQualityLevel:1 ; High quality]]
[2021.09.25-23.38.50:845][  0]LogConfig: Setting CVar [[r.AnisotropicMaterials:1]]
[2021.09.25-23.38.50:845][  0]LogConfig: Setting CVar [[r.SSS.Scale:1]]
[2021.09.25-23.38.50:845][  0]LogConfig: Setting CVar [[r.SSS.SampleSet:2]]
[2021.09.25-23.38.50:845][  0]LogConfig: Setting CVar [[r.SSS.Quality:1]]
[2021.09.25-23.38.50:845][  0]LogConfig: Setting CVar [[r.SSS.HalfRes:0]]
[2021.09.25-23.38.50:845][  0]LogConfig: Setting CVar [[r.SSGI.Quality:3]]
[2021.09.25-23.38.50:845][  0]LogConfig: Setting CVar [[r.EmitterSpawnRateScale:1.0]]
[2021.09.25-23.38.50:845][  0]LogConfig: Setting CVar [[r.ParticleLightQuality:2]]
[2021.09.25-23.38.50:845][  0]LogConfig: Setting CVar [[r.SkyAtmosphere.AerialPerspectiveLUT.FastApplyOnOpaque:1 ; Always have FastSkyLUT 1 in this case to avoid wrong sky]]
[2021.09.25-23.38.50:845][  0]LogConfig: Setting CVar [[r.SkyAtmosphere.AerialPerspectiveLUT.SampleCountMaxPerSlice:4]]
[2021.09.25-23.38.50:845][  0]LogConfig: Setting CVar [[r.SkyAtmosphere.AerialPerspectiveLUT.DepthResolution:16.0]]
[2021.09.25-23.38.50:845][  0]LogConfig: Setting CVar [[r.SkyAtmosphere.FastSkyLUT:1]]
[2021.09.25-23.38.50:845][  0]LogConfig: Setting CVar [[r.SkyAtmosphere.FastSkyLUT.SampleCountMin:4.0]]
[2021.09.25-23.38.50:845][  0]LogConfig: Setting CVar [[r.SkyAtmosphere.FastSkyLUT.SampleCountMax:128.0]]
[2021.09.25-23.38.50:845][  0]LogConfig: Setting CVar [[r.SkyAtmosphere.SampleCountMin:4.0]]
[2021.09.25-23.38.50:845][  0]LogConfig: Setting CVar [[r.SkyAtmosphere.SampleCountMax:128.0]]
[2021.09.25-23.38.50:845][  0]LogConfig: Setting CVar [[r.SkyAtmosphere.TransmittanceLUT.UseSmallFormat:0]]
[2021.09.25-23.38.50:845][  0]LogConfig: Setting CVar [[r.SkyAtmosphere.TransmittanceLUT.SampleCount:10.0]]
[2021.09.25-23.38.50:845][  0]LogConfig: Setting CVar [[r.SkyAtmosphere.MultiScatteringLUT.SampleCount:15.0]]
[2021.09.25-23.38.50:845][  0]LogConfig: Setting CVar [[r.SkyLight.RealTimeReflectionCapture:1]]
[2021.09.25-23.38.50:845][  0]LogConfig: Applying CVar settings from Section [FoliageQuality@3] File [C:/Users/isach/source/repos/IsaacXB/DVJ2/ActividadGrupal/NivelBasicoPersonaje/Saved/Config/Windows/Scalability.ini]
[2021.09.25-23.38.50:845][  0]LogConfig: Setting CVar [[foliage.DensityScale:1.0]]
[2021.09.25-23.38.50:845][  0]LogConfig: Setting CVar [[grass.DensityScale:1.0]]
[2021.09.25-23.38.50:845][  0]LogConfig: Applying CVar settings from Section [ShadingQuality@3] File [C:/Users/isach/source/repos/IsaacXB/DVJ2/ActividadGrupal/NivelBasicoPersonaje/Saved/Config/Windows/Scalability.ini]
[2021.09.25-23.38.50:845][  0]LogConfig: Setting CVar [[r.HairStrands.SkyLighting.IntegrationType:2]]
[2021.09.25-23.38.50:845][  0]LogConfig: Setting CVar [[r.HairStrands.SkyAO.SampleCount:4]]
[2021.09.25-23.38.50:845][  0]LogConfig: Setting CVar [[r.HairStrands.Visibility.MSAA.SamplePerPixel:4]]
[2021.09.25-23.38.50:845][  0]LogConfig: Applying CVar settings from Section [Startup] File [../../../Engine/Config/ConsoleVariables.ini]
[2021.09.25-23.38.50:845][  0]LogConfig: Setting CVar [[net.UseAdaptiveNetUpdateFrequency:0]]
[2021.09.25-23.38.50:845][  0]LogConfig: Setting CVar [[p.chaos.AllowCreatePhysxBodies:1]]
[2021.09.25-23.38.50:845][  0]LogConfig: Setting CVar [[fx.SkipVectorVMBackendOptimizations:1]]
[2021.09.25-23.38.50:845][  0]LogConfig: Applying CVar settings from Section [ConsoleVariables] File [C:/Users/isach/source/repos/IsaacXB/DVJ2/ActividadGrupal/NivelBasicoPersonaje/Saved/Config/Windows/Engine.ini]
[2021.09.25-23.38.50:845][  0]LogConfig: Applying CVar settings from Section [ConsoleVariables] File [C:/Users/isach/source/repos/IsaacXB/DVJ2/ActividadGrupal/NivelBasicoPersonaje/Saved/Config/Windows/Editor.ini]
[2021.09.25-23.38.50:845][  0]LogInit: Computer: DESKTOP-5J514UK
[2021.09.25-23.38.50:845][  0]LogInit: User: isach
[2021.09.25-23.38.50:845][  0]LogInit: CPU Page size=4096, Cores=8
[2021.09.25-23.38.50:845][  0]LogInit: High frequency timer resolution =10.000000 MHz
[2021.09.25-23.38.50:845][  0]LogMemory: Memory total: Physical=63.8GB (64GB approx)
[2021.09.25-23.38.50:845][  0]LogMemory: Platform Memory Stats for Windows
[2021.09.25-23.38.50:845][  0]LogMemory: Process Physical Memory: 143.67 MB used, 143.68 MB peak
[2021.09.25-23.38.50:845][  0]LogMemory: Process Virtual Memory: 128.73 MB used, 128.73 MB peak
[2021.09.25-23.38.50:845][  0]LogMemory: Physical Memory: 12321.08 MB used,  52989.84 MB free, 65310.92 MB total
[2021.09.25-23.38.50:846][  0]LogMemory: Virtual Memory: 134161128.00 MB used,  56603.73 MB free, 134217728.00 MB total
[2021.09.25-23.38.51:049][  0]LogWindows: WindowsPlatformFeatures enabled
[2021.09.25-23.38.51:080][  0]LogInit: Physics initialised using underlying interface: PhysX
[2021.09.25-23.38.51:080][  0]LogInit: Using OS detected language (en-US).
[2021.09.25-23.38.51:080][  0]LogInit: Using OS detected locale (en-US).
[2021.09.25-23.38.51:082][  0]LogTextLocalizationManager: No specific localization for 'en-US' exists, so the 'en' localization will be used.
[2021.09.25-23.38.51:221][  0]LogInit: Setting process to per monitor DPI aware
[2021.09.25-23.38.51:231][  0]LogWindowsTextInputMethodSystem: Display: IME system deactivated.
[2021.09.25-23.38.51:241][  0]LogSlate: New Slate User Created.  User Index 0, Is Virtual User: 0
[2021.09.25-23.38.51:241][  0]LogSlate: Slate User Registered.  User Index 0, Is Virtual User: 0
[2021.09.25-23.38.51:399][  0]LogD3D11RHI: Loaded GFSDK_Aftermath_Lib.x64.dll
[2021.09.25-23.38.51:403][  0]LogHMD: Failed to enumerate extensions. Please check that you have a valid OpenXR runtime installed.
[2021.09.25-23.38.51:403][  0]LogD3D11RHI: D3D11 min allowed feature level: 11_0
[2021.09.25-23.38.51:403][  0]LogD3D11RHI: D3D11 max allowed feature level: 11_0
[2021.09.25-23.38.51:403][  0]LogD3D11RHI: D3D11 adapters:
[2021.09.25-23.38.51:488][  0]LogD3D11RHI:    0. 'NVIDIA GeForce RTX 2080 Ti' (Feature Level 11_0)
[2021.09.25-23.38.51:488][  0]LogD3D11RHI:       11049/0/32655 MB DedicatedVideo/DedicatedSystem/SharedSystem, Outputs:2, VendorId:0x10de
[2021.09.25-23.38.51:490][  0]LogD3D11RHI:    1. 'Microsoft Basic Render Driver' (Feature Level 11_0)
[2021.09.25-23.38.51:490][  0]LogD3D11RHI:       0/0/32655 MB DedicatedVideo/DedicatedSystem/SharedSystem, Outputs:0, VendorId:0x1414
[2021.09.25-23.38.51:490][  0]LogD3D11RHI: Chosen D3D11 Adapter: 0
[2021.09.25-23.38.51:496][  0]LogD3D11RHI: Creating new Direct3DDevice
[2021.09.25-23.38.51:496][  0]LogD3D11RHI:     GPU DeviceId: 0x1e07 (for the marketing name, search the web for "GPU Device Id")
[2021.09.25-23.38.51:496][  0]LogWindows: EnumDisplayDevices:
[2021.09.25-23.38.51:496][  0]LogWindows:    0. 'NVIDIA GeForce RTX 2080 Ti' (P:1 D:1)
[2021.09.25-23.38.51:497][  0]LogWindows:    1. 'NVIDIA GeForce RTX 2080 Ti' (P:0 D:1)
[2021.09.25-23.38.51:497][  0]LogWindows:    2. 'NVIDIA GeForce RTX 2080 Ti' (P:0 D:0)
[2021.09.25-23.38.51:497][  0]LogWindows:    3. 'NVIDIA GeForce RTX 2080 Ti' (P:0 D:0)
[2021.09.25-23.38.51:497][  0]LogWindows: DebugString: FoundDriverCount:4 
[2021.09.25-23.38.51:497][  0]LogD3D11RHI:     Adapter Name: NVIDIA GeForce RTX 2080 Ti
[2021.09.25-23.38.51:497][  0]LogD3D11RHI:   Driver Version: 471.96 (internal:30.0.14.7196, unified:471.96)
[2021.09.25-23.38.51:497][  0]LogD3D11RHI:      Driver Date: 8-27-2021
[2021.09.25-23.38.51:497][  0]LogRHI: Texture pool is 7734 MB (70% of 11049 MB)
[2021.09.25-23.38.51:564][  0]LogD3D11RHI: RHI has support for 64 bit atomics
[2021.09.25-23.38.51:564][  0]LogD3D11RHI: Async texture creation enabled
[2021.09.25-23.38.51:564][  0]LogD3D11RHI: Array index from any shader is supported
[2021.09.25-23.38.51:585][  0]LogD3D11RHI: GPU Timing Frequency: 1000.000000 (Debug: 2 2)
[2021.09.25-23.38.51:618][  0]LogRHI: GeForceNow SDK initialized: 1
[2021.09.25-23.38.51:845][  0]LogTargetPlatformManager: Display: Loaded TargetPlatform 'AllDesktop'
[2021.09.25-23.38.51:862][  0]LogTargetPlatformManager: Display: Loaded TargetPlatform 'Android'
[2021.09.25-23.38.51:862][  0]LogTargetPlatformManager: Display: Loaded TargetPlatform 'Android_ASTC'
[2021.09.25-23.38.51:862][  0]LogTargetPlatformManager: Display: Loaded TargetPlatform 'Android_DXT'
[2021.09.25-23.38.51:862][  0]LogTargetPlatformManager: Display: Loaded TargetPlatform 'Android_ETC2'
[2021.09.25-23.38.51:862][  0]LogTargetPlatformManager: Display: Loaded TargetPlatform 'AndroidClient'
[2021.09.25-23.38.51:862][  0]LogTargetPlatformManager: Display: Loaded TargetPlatform 'Android_ASTCClient'
[2021.09.25-23.38.51:862][  0]LogTargetPlatformManager: Display: Loaded TargetPlatform 'Android_DXTClient'
[2021.09.25-23.38.51:862][  0]LogTargetPlatformManager: Display: Loaded TargetPlatform 'Android_ETC2Client'
[2021.09.25-23.38.51:862][  0]LogTargetPlatformManager: Display: Loaded TargetPlatform 'Android_Multi'
[2021.09.25-23.38.51:862][  0]LogTargetPlatformManager: Display: Loaded TargetPlatform 'Android_MultiClient'
[2021.09.25-23.38.51:876][  0]LogTargetPlatformManager: Display: Loaded TargetPlatform 'IOSClient'
[2021.09.25-23.38.51:876][  0]LogTargetPlatformManager: Display: Loaded TargetPlatform 'IOS'
[2021.09.25-23.38.51:883][  0]LogTargetPlatformManager: Display: Loaded TargetPlatform 'Linux'
[2021.09.25-23.38.51:887][  0]LogTargetPlatformManager: Display: Loaded TargetPlatform 'LinuxNoEditor'
[2021.09.25-23.38.51:890][  0]LogTargetPlatformManager: Display: Loaded TargetPlatform 'LinuxClient'
[2021.09.25-23.38.51:894][  0]LogTargetPlatformManager: Display: Loaded TargetPlatform 'LinuxServer'
[2021.09.25-23.38.51:901][  0]LogTargetPlatformManager: Display: Loaded TargetPlatform 'LinuxAArch64NoEditor'
[2021.09.25-23.38.51:905][  0]LogTargetPlatformManager: Display: Loaded TargetPlatform 'LinuxAArch64Client'
[2021.09.25-23.38.51:908][  0]LogTargetPlatformManager: Display: Loaded TargetPlatform 'LinuxAArch64Server'
[2021.09.25-23.38.51:927][  0]LogTargetPlatformManager: Display: Loaded TargetPlatform 'Lumin'
[2021.09.25-23.38.51:927][  0]LogTargetPlatformManager: Display: Loaded TargetPlatform 'LuminClient'
[2021.09.25-23.38.51:933][  0]LogTargetPlatformManager: Display: Loaded TargetPlatform 'MacNoEditor'
[2021.09.25-23.38.51:937][  0]LogTargetPlatformManager: Display: Loaded TargetPlatform 'Mac'
[2021.09.25-23.38.51:940][  0]LogTargetPlatformManager: Display: Loaded TargetPlatform 'MacClient'
[2021.09.25-23.38.51:943][  0]LogTargetPlatformManager: Display: Loaded TargetPlatform 'MacServer'
[2021.09.25-23.38.51:951][  0]LogTargetPlatformManager: Display: Loaded TargetPlatform 'TVOSClient'
[2021.09.25-23.38.51:951][  0]LogTargetPlatformManager: Display: Loaded TargetPlatform 'TVOS'
[2021.09.25-23.38.51:958][  0]LogTargetPlatformManager: Display: Loaded TargetPlatform 'WindowsNoEditor'
[2021.09.25-23.38.51:961][  0]LogTargetPlatformManager: Display: Loaded TargetPlatform 'Windows'
[2021.09.25-23.38.51:965][  0]LogTargetPlatformManager: Display: Loaded TargetPlatform 'WindowsClient'
[2021.09.25-23.38.51:968][  0]LogTargetPlatformManager: Display: Loaded TargetPlatform 'WindowsServer'
[2021.09.25-23.38.51:968][  0]LogTargetPlatformManager: Display: Building Assets For Windows
[2021.09.25-23.38.51:974][  0]LogAudioDebug: Display: Lib vorbis DLL was dynamically loaded.
[2021.09.25-23.38.51:996][  0]LogTextureFormatOodle: Display: Oodle Texture 2.9.0 init RDO Off
[2021.09.25-23.38.52:023][  0]LogRendererCore: Ray tracing is disabled. Reason: r.RayTracing=0.
[2021.09.25-23.38.52:023][  0]LogShaderCompilers: Guid format shader working directory is -32 characters bigger than the processId version (C:/Users/isach/source/repos/IsaacXB/DVJ2/ActividadGrupal/NivelBasicoPersonaje/Intermediate/Shaders/WorkingDirectory/10916/).
[2021.09.25-23.38.52:023][  0]LogShaderCompilers: Cleaned the shader compiler working directory 'C:/Users/isach/AppData/Local/Temp/UnrealShaderWorkingDir/68BB542A46E0970F696F39BF2376F6CA/'.
[2021.09.25-23.38.52:023][  0]LogXGEController: Cannot use XGE Controller as Incredibuild is not installed on this machine.
[2021.09.25-23.38.52:023][  0]LogShaderCompilers: Cannot use XGE Shader Compiler as Incredibuild is not installed on this machine.
[2021.09.25-23.38.52:023][  0]LogShaderCompilers: Display: Using Local Shader Compiler.
[2021.09.25-23.38.52:628][  0]LogDerivedDataCache: Display: Max Cache Size: 512 MB
[2021.09.25-23.38.52:669][  0]LogDerivedDataCache: Loaded boot cache 0.04s 95MB C:/Users/isach/AppData/Local/UnrealEngine/4.27/DerivedDataCache/Boot.ddc.
[2021.09.25-23.38.52:669][  0]LogDerivedDataCache: Display: Loaded Boot cache: C:/Users/isach/AppData/Local/UnrealEngine/4.27/DerivedDataCache/Boot.ddc
[2021.09.25-23.38.52:669][  0]LogDerivedDataCache: FDerivedDataBackendGraph:  Pak pak cache file C:/Users/isach/source/repos/IsaacXB/DVJ2/ActividadGrupal/NivelBasicoPersonaje/DerivedDataCache/DDC.ddp not found, will not use a pak cache.
[2021.09.25-23.38.52:669][  0]LogDerivedDataCache: Unable to find inner node Pak for hierarchical cache Hierarchy.
[2021.09.25-23.38.52:669][  0]LogDerivedDataCache: FDerivedDataBackendGraph:  CompressedPak pak cache file C:/Users/isach/source/repos/IsaacXB/DVJ2/ActividadGrupal/NivelBasicoPersonaje/DerivedDataCache/Compressed.ddp not found, will not use a pak cache.
[2021.09.25-23.38.52:669][  0]LogDerivedDataCache: Unable to find inner node CompressedPak for hierarchical cache Hierarchy.
[2021.09.25-23.38.52:682][  0]LogDerivedDataCache: Display: Pak cache opened for reading ../../../Engine/DerivedDataCache/Compressed.ddp.
[2021.09.25-23.38.52:682][  0]LogDerivedDataCache: FDerivedDataBackendGraph:  EnterprisePak pak cache file ../../../Enterprise/DerivedDataCache/Compressed.ddp not found, will not use a pak cache.
[2021.09.25-23.38.52:682][  0]LogDerivedDataCache: Unable to find inner node EnterprisePak for hierarchical cache Hierarchy.
[2021.09.25-23.38.52:687][  0]LogDerivedDataCache: Speed tests for C:/Users/isach/AppData/Local/UnrealEngine/Common/DerivedDataCache took 0.00 seconds
[2021.09.25-23.38.52:687][  0]LogDerivedDataCache: Display: Performance to C:/Users/isach/AppData/Local/UnrealEngine/Common/DerivedDataCache: Latency=0.03ms. RandomReadSpeed=1430.07MBs, RandomWriteSpeed=237.95MBs. Assigned SpeedClass 'Local'
[2021.09.25-23.38.52:688][  0]LogDerivedDataCache: Using Local data cache path C:/Users/isach/AppData/Local/UnrealEngine/Common/DerivedDataCache: Writable
[2021.09.25-23.38.52:688][  0]LogDerivedDataCache: Shared data cache path not found in *engine.ini, will not use an Shared cache.
[2021.09.25-23.38.52:688][  0]LogDerivedDataCache: Unable to find inner node Shared for hierarchical cache Hierarchy.
[2021.09.25-23.38.52:723][  0]LogSlate: Using FreeType 2.10.0
[2021.09.25-23.38.52:723][  0]LogSlate: SlateFontServices - WITH_FREETYPE: 1, WITH_HARFBUZZ: 1
[2021.09.25-23.38.52:723][  0]LogHMD: Failed to enumerate extensions. Please check that you have a valid OpenXR runtime installed.
[2021.09.25-23.38.52:741][  0]LogAssetRegistry: FAssetRegistry took 0.0021 seconds to start up
[2021.09.25-23.38.52:916][  0]LogInit: Selected Device Profile: [Windows]
[2021.09.25-23.38.52:916][  0]LogInit: Active device profile: [000001F123BC7F00][000001F11ABE9000 49] Windows
[2021.09.25-23.38.52:916][  0]LogInit: Profiles: [000001F123BC7F00][000001F11ABE9000 49] Windows, [000001F123C4BF00][000001F115047180 49] WindowsNoEditor, [000001F123BC4200][000001F11504B300 49] WindowsServer, [000001F123C49F00][000001F11504F480 49] WindowsClient, [000001F123BC6000][000001F1173B3600 49] IOS, [000001F123C4B600][000001F116C61780 49] iPadAir, [000001F123BC7700][000001F116CED900 49] iPadAir2, [000001F123910800][000001F11654BBC0 49] IPadPro, [000001F123910900][000001F116D09C00 49] iPadAir3, [000001F123BC4900][000001F1165F4200 49] iPadAir4, [000001F123910500][000001F1165F8380 49] iPadMini2, [000001F123BC7B00][000001F116600500 49] iPadMini3, [000001F123911500][000001F11735A680 49] iPadMini4, [000001F123BC6B00][000001F11735E800 49] iPadMini5, [000001F123C49200][000001F117388A40 49] iPhone6, [000001F12476FF00][000001F11ABECA80 49] iPodTouch6, [000001F123C4B800][000001F11B6BACC0 49] iPhone7, [000001F123913900][000001F117394D00 49] iPodTouch7, [000001F12476C500][000001F11B6CCE80 49] iPhone5S, [000001F123913F00][000001F11B6D1000 49] iPhone6Plus, [000001F12476F600][000001F11B6D5180 49] iPhone6S, [000001F123912F00][000001F116FCB300 49] iPhone6SPlus, [000001F12476CD00][000001F11B6D9480 49] iPhone7Plus, [000001F123912C00][000001F11B6DD600 49] iPhoneSE, [000001F12476EE00][000001F11B6E1780 49] iPhone8, [000001F123911700][000001F1165E5900 49] iPhone8Plus, [000001F12476D400][000001F1165E9A80 49] iPhoneX, [000001F123912700][000001F1165EDC00 49] iPhoneXS, [000001F12476E700][000001F1165F0200 49] iPhoneXSMax, [000001F123911E00][000001F11B6E4380 49] iPhoneXR, [000001F12476DB00][000001F1166D2500 49] iPhone11, [000001F123911400][000001F1166D6680 49] iPhone11Pro, [000001F12476FB00][000001F11B6E8800 49] iPhone11ProMax, [000001F123912500][000001F11B6EC980 49] iPhoneSE2, [000001F12476C100][000001F11B6F0B00 49] iPhone12Mini, [000001F123910400][000001F11B6C8C40 49] iPhone12, [000001F12476DE00][000001F11B6F8D80 49] iPhone12Pro, [000001F123912E00][000001F11B6FCEC0 49] iPhone12ProMax, [000001F12476C800][000001F1258BF040 49] iPadPro105, [000001F123911A00][000001F1258C31C0 49] iPadPro129, [000001F12476D500][000001F1258C7340 49] iPadPro97, [000001F123913400][000001F1258CB4C0 49] iPadPro2_129, [000001F12476E400][000001F116F5B640 49] iPad5, [000001F123911000][000001F116F737C0 49] iPad6, [000001F12476CB00][000001F116F77940 49] iPad7, [000001F123913A00][000001F116F7BAC0 49] iPad8, [000001F12476FC00][000001F116F1A0C0 49] iPadPro11, [000001F123912A00][000001F116F86240 49] iPadPro2_11, [000001F12476DF00][000001F116F8A3C0 49] iPadPro3_129, [000001F123910A00][000001F116F8E540 49] iPadPro4_129, [000001F12476DC00][000001F116F966C0 49] AppleTV, [000001F123913B00][000001F116F9A840 49] AppleTV4K, [000001F12476E100][000001F1258809C0 49] TVOS, [000001F123910F00][000001F116F9EB40 49] Mac, [000001F12476FE00][000001F116FA2CC0 49] MacClient, [000001F123911600][000001F1258BAE00 49] MacNoEditor, [000001F12476EF00][000001F116FA6F40 49] MacServer, [000001F123912200][000001F116FB7080 49] Linux, [000001F12476C200][000001F116FBB1C0 49] LinuxAArch64, [000001F123913500][000001F116FC3340 49] LinuxNoEditor, [000001F12476D100][000001F116FC74C0 49] LinuxAArch64NoEditor, [000001F123913300][000001F116CAF640 49] LinuxClient, [000001F12476DA00][000001F1173917C0 49] LinuxAArch64Client, [000001F123910200][000001F12587D940 49] LinuxServer, [000001F12476FA00][000001F116F93AC0 49] LinuxAArch64Server, [000001F123910700][000001F116CB20C0 49] Android, [000001F12476ED00][000001F116CB6240 49] Android_Low, [000001F123912D00][000001F116CBA3C0 49] Android_Mid, [000001F12476F400][000001F116CBE540 49] Android_High, [000001F123CE6B00][000001F116CC26C0 49] Android_Default, [000001F123C48900][000001F116CC6840 49] Android_Adreno4xx, [000001F123CE4A00][000001F116CCA9C0 49] Android_Adreno5xx_Low, [000001F123C4B100][000001F116CCEB40 49] Android_Adreno5xx, [000001F123CE4B00][000001F116604CC0 49] Android_Adreno6xx, [000001F123C49300][000001F116608E40 49] Android_Adreno6xx_Vulkan, [000001F123CE4400][000001F116FBEF80 49] Android_Mali_T6xx, [000001F123C4B200][000001F11660D0C0 49] Android_Mali_T7xx, [000001F123CE5500][000001F116611200 49] Android_Mali_T8xx, [000001F123C4B900][000001F116615340 49] Android_Mali_G71, [000001F123CE5700][000001F11661D4C0 49] Android_Mali_G72, [000001F123C49A00][000001F116621640 49] Android_Mali_G72_Vulkan, [000001F123CE6600][000001F1166257C0 49] Android_Mali_G76, [000001F123C4A800][000001F116629940 49] Android_Mali_G76_Vulkan, [000001F123CE4700][000001F11662DAC0 49] Android_Mali_G77, [000001F123C49B00][000001F1166300C0 49] Android_Mali_G77_Vulkan, [000001F123CE5B00][000001F116634240 49] Android_Mali_G78, [000001F123C4AA00][000001F1166383C0 49] Android_Mali_G78_Vulkan, [000001F123CE6700][000001F11663C540 49] Android_Mali_G710, [000001F123C48200][000001F1166406C0 49] Android_Mali_G710_Vulkan, [000001F123CE7100][000001F116644840 49] Android_Vulkan_SM5, [000001F123C4BA00][000001F1166489C0 49] Android_PowerVR_G6xxx, [000001F123CE6900][000001F11664CB40 49] Android_PowerVR_GT7xxx, [000001F123C4BB00][000001F116650CC0 49] Android_PowerVR_GE8xxx, [000001F123CE4300][000001F116654E40 49] Android_PowerVR_GM9xxx, [000001F123C4AD00][000001F116658FC0 49] Android_PowerVR_GM9xxx_Vulkan, [000001F123CE6D00][000001F11665D140 49] Android_TegraK1, [000001F123913C00][000001F116619280 49] Android_Unknown_Vulkan, [000001F123CE5600][000001F1166613C0 49] Lumin, [000001F123911900][000001F116665500 49] Lumin_Desktop, [000001F123CE6200][000001F11666D680 49] HoloLens, 
[2021.09.25-23.38.53:016][  0]LogMeshReduction: Using QuadricMeshReduction for automatic static mesh reduction
[2021.09.25-23.38.53:016][  0]LogMeshReduction: Using SimplygonMeshReduction for automatic skeletal mesh reduction
[2021.09.25-23.38.53:016][  0]LogMeshReduction: Using ProxyLODMeshReduction for automatic mesh merging
[2021.09.25-23.38.53:016][  0]LogMeshReduction: No distributed automatic mesh merging module available
[2021.09.25-23.38.53:016][  0]LogMeshMerging: No distributed automatic mesh merging module available
[2021.09.25-23.38.53:030][  0]LogNetVersion: NivelBasicoPersonaje 1.0.0, NetCL: 17155196, EngineNetVer: 17, GameNetVer: 0 (Checksum: 3788996807)
[2021.09.25-23.38.53:322][  0]LogTexture: Default maximum texture size for cubemaps generated from long-lat sources has been changed from 512 to unlimited. In order to preserve old behaiour for '/Engine/MapTemplates/Sky/DaylightAmbientCubemap.DaylightAmbientCubemap', its maximum texture size has been explicitly set to 512.
[2021.09.25-23.38.53:374][  0]LogUObjectArray: 17011 objects as part of root set at end of initial load.
[2021.09.25-23.38.53:374][  0]LogUObjectAllocator: 4256960 out of 0 bytes used by permanent object pool.
[2021.09.25-23.38.53:374][  0]LogUObjectArray: CloseDisregardForGC: 0/0 objects in disregard for GC pool
[2021.09.25-23.38.53:592][  0]LogNiagaraDebuggerClient: Niagara Debugger Client Initialized | Session: AAC7B25A47A4AD68530258B5BA1D9D09 | Instance: AB91C944486BB347D8BEAAB2D771CDED (DESKTOP-5J514UK-10916).
[2021.09.25-23.38.53:620][  0]LogStreaming: Warning: Failed to read file '../../../Engine/Content/Editor/Slate/Niagara/MenuSeparator.png' error.
[2021.09.25-23.38.53:620][  0]LogSlate: Could not find file for Slate resource: ../../../Engine/Content/Editor/Slate/Niagara/MenuSeparator.png
[2021.09.25-23.38.53:620][  0]LogStreaming: Warning: Failed to read file '../../../Engine/Content/Editor/Slate/Niagara/Common/Selection.png' error.
[2021.09.25-23.38.53:620][  0]LogSlate: Could not find file for Slate resource: ../../../Engine/Content/Editor/Slate/Niagara/Common/Selection.png
[2021.09.25-23.38.53:620][  0]LogStreaming: Warning: Failed to read file '../../../Engine/Content/Editor/Slate/Niagara/Common/Selector.png' error.
[2021.09.25-23.38.53:620][  0]LogSlate: Could not find file for Slate resource: ../../../Engine/Content/Editor/Slate/Niagara/Common/Selector.png
[2021.09.25-23.38.53:620][  0]LogStreaming: Warning: Failed to read file '../../../Engine/Content/Editor/Slate/Niagara/Common/DropZoneIndicator_Above.png' error.
[2021.09.25-23.38.53:620][  0]LogSlate: Could not find file for Slate resource: ../../../Engine/Content/Editor/Slate/Niagara/Common/DropZoneIndicator_Above.png
[2021.09.25-23.38.53:620][  0]LogStreaming: Warning: Failed to read file '../../../Engine/Content/Editor/Slate/Niagara/Common/DropZoneIndicator_Onto.png' error.
[2021.09.25-23.38.53:620][  0]LogSlate: Could not find file for Slate resource: ../../../Engine/Content/Editor/Slate/Niagara/Common/DropZoneIndicator_Onto.png
[2021.09.25-23.38.53:620][  0]LogStreaming: Warning: Failed to read file '../../../Engine/Content/Editor/Slate/Niagara/Common/DropZoneIndicator_Below.png' error.
[2021.09.25-23.38.53:620][  0]LogSlate: Could not find file for Slate resource: ../../../Engine/Content/Editor/Slate/Niagara/Common/DropZoneIndicator_Below.png
[2021.09.25-23.38.53:620][  0]LogStreaming: Warning: Failed to read file '../../../Engine/Content/Editor/Slate/Niagara/Common/RoundedSelection_16x.png' error.
[2021.09.25-23.38.53:620][  0]LogSlate: Could not find file for Slate resource: ../../../Engine/Content/Editor/Slate/Niagara/Common/RoundedSelection_16x.png
[2021.09.25-23.38.53:620][  0]LogStreaming: Warning: Failed to read file '../../../Engine/Content/Editor/Slate/Niagara/Common/FlatButton.png' error.
[2021.09.25-23.38.53:620][  0]LogSlate: Could not find file for Slate resource: ../../../Engine/Content/Editor/Slate/Niagara/Common/FlatButton.png
[2021.09.25-23.38.53:620][  0]LogImageWrapper: Warning: PNG Warning: Duplicate iCCP chunk
[2021.09.25-23.38.53:620][  0]LogImageWrapper: Warning: PNG Warning: Duplicate iCCP chunk
[2021.09.25-23.38.53:620][  0]LogPython: Using Python 3.7.7
[2021.09.25-23.38.54:119][  0]LogTcpMessaging: Initializing TcpMessaging bridge
[2021.09.25-23.38.54:123][  0]LogUdpMessaging: Initializing bridge on interface 0.0.0.0:0 to multicast group 230.0.0.1:6666.
[2021.09.25-23.38.54:204][  0]SourceControl: Source control is disabled
[2021.09.25-23.38.54:476][  0]LogUProjectInfo: Found projects:
[2021.09.25-23.38.54:655][  0]LogOpenImageDenoise: OIDN starting up
[2021.09.25-23.38.54:693][  0]LogAndroidPermission: UAndroidPermissionCallbackProxy::GetInstance
[2021.09.25-23.38.54:709][  0]LogAudioCaptureCore: Display: No Audio Capture implementations found. Audio input will be silent.
[2021.09.25-23.38.54:709][  0]LogAudioCaptureCore: Display: No Audio Capture implementations found. Audio input will be silent.
[2021.09.25-23.38.54:862][  0]LogCollectionManager: Loaded 0 collections in 0.000549 seconds
[2021.09.25-23.38.54:914][  0]LogFileCache: Scanning file cache for directory 'C:/Users/isach/source/repos/IsaacXB/DVJ2/ActividadGrupal/NivelBasicoPersonaje/Saved/Collections/' took 0.00s
[2021.09.25-23.38.54:914][  0]LogFileCache: Scanning file cache for directory 'C:/Users/isach/source/repos/IsaacXB/DVJ2/ActividadGrupal/NivelBasicoPersonaje/Content/Developers/isach/Collections/' took 0.00s
[2021.09.25-23.38.54:914][  0]LogFileCache: Scanning file cache for directory 'C:/Users/isach/source/repos/IsaacXB/DVJ2/ActividadGrupal/NivelBasicoPersonaje/Content/Collections/' took 0.00s
[2021.09.25-23.38.54:914][  0]LogEngine: Initializing Engine...
[2021.09.25-23.38.54:914][  0]LogHMD: Failed to enumerate extensions. Please check that you have a valid OpenXR runtime installed.
[2021.09.25-23.38.54:914][  0]LogMagicLeap: Warning: VR disabled because ZI is not enabled.  To enable, in the editor, Edit -> Project Settings -> Plugins -> Magic Leap Plugin -> Enable Zero Iteration
[2021.09.25-23.38.54:915][  0]LogStats: UGameplayTagsManager::InitializeManager -  0.000 s
[2021.09.25-23.38.55:018][  0]LogInit: Initializing FReadOnlyCVARCache
[2021.09.25-23.38.55:025][  0]LogAIModule: Creating AISystem for world Untitled
[2021.09.25-23.38.55:029][  0]LogAudio: Display: Initializing Audio Device Manager...
[2021.09.25-23.38.55:032][  0]LogAudio: Display: Loading Default Audio Settings Objects...
[2021.09.25-23.38.55:033][  0]LogAudio: Display: No default SoundConcurrencyObject specified (or failed to load).
[2021.09.25-23.38.55:033][  0]LogAudio: Display: Audio Device Manager Initialized
[2021.09.25-23.38.55:033][  0]LogAudio: Display: Creating Audio Device:                 Id: 1, Scope: Shared, Realtime: True
[2021.09.25-23.38.55:033][  0]LogAudioMixer: Display: Audio Mixer Platform Settings:
[2021.09.25-23.38.55:033][  0]LogAudioMixer: Display: 	Sample Rate:						  48000
[2021.09.25-23.38.55:033][  0]LogAudioMixer: Display: 	Callback Buffer Frame Size Requested: 1024
[2021.09.25-23.38.55:033][  0]LogAudioMixer: Display: 	Callback Buffer Frame Size To Use:	  1024
[2021.09.25-23.38.55:033][  0]LogAudioMixer: Display: 	Number of buffers to queue:			  2
[2021.09.25-23.38.55:033][  0]LogAudioMixer: Display: 	Max Channels (voices):				  32
[2021.09.25-23.38.55:033][  0]LogAudioMixer: Display: 	Number of Async Source Workers:		  0
[2021.09.25-23.38.55:033][  0]LogAudio: Display: AudioDevice MaxSources: 32
[2021.09.25-23.38.55:033][  0]LogAudio: Display: Audio Spatialization Plugin: None (built-in).
[2021.09.25-23.38.55:033][  0]LogAudio: Display: Audio Reverb Plugin: None (built-in).
[2021.09.25-23.38.55:033][  0]LogAudio: Display: Audio Occlusion Plugin: None (built-in).
[2021.09.25-23.38.55:033][  0]LogAudioMixer: Display: Initializing audio mixer.
[2021.09.25-23.38.55:102][  0]LogAudioMixer: Display: 0: FrontLeft
[2021.09.25-23.38.55:102][  0]LogAudioMixer: Display: 1: FrontRight
[2021.09.25-23.38.55:102][  0]LogAudioMixer: Display: 2: FrontCenter
[2021.09.25-23.38.55:102][  0]LogAudioMixer: Display: 3: LowFrequency
[2021.09.25-23.38.55:102][  0]LogAudioMixer: Display: 4: BackLeft
[2021.09.25-23.38.55:102][  0]LogAudioMixer: Display: 5: BackRight
[2021.09.25-23.38.55:102][  0]LogAudioMixer: Display: 6: SideLeft
[2021.09.25-23.38.55:102][  0]LogAudioMixer: Display: 7: SideRight
[2021.09.25-23.38.55:118][  0]LogAudioMixer: Display: Using Audio Device Speakers (Logitech G560 Gaming Speaker)
[2021.09.25-23.38.55:120][  0]LogAudioMixer: Display: Initializing Sound Submixes...
[2021.09.25-23.38.55:122][  0]LogAudioMixer: Display: Creating Master Submix 'MasterSubmixDefault'
[2021.09.25-23.38.55:122][  0]LogAudioMixer: Display: Creating Master Submix 'MasterReverbSubmixDefault'
[2021.09.25-23.38.55:123][  0]LogAudioMixer: Display: Creating Master Submix 'MasterEQSubmixDefault'
[2021.09.25-23.38.55:123][  0]LogAudioMixer: FMixerPlatformXAudio2::StartAudioStream() called
[2021.09.25-23.38.55:123][  0]LogAudioMixer: Display: Output buffers initialized: Frames=1024, Channels=8, Samples=8192
[2021.09.25-23.38.55:124][  0]LogAudioMixer: Display: Starting AudioMixerPlatformInterface::RunInternal()
[2021.09.25-23.38.55:124][  0]LogAudioMixer: Display: FMixerPlatformXAudio2::SubmitBuffer() called for the first time
[2021.09.25-23.38.55:124][  0]LogInit: FAudioDevice initialized.
[2021.09.25-23.38.55:124][  0]LogAudio: Display: Audio Device (ID: 1) registered with world 'Untitled'.
[2021.09.25-23.38.55:124][  0]LogNetVersion: Set ProjectVersion to 1.0.0.0. Version Checksum will be recalculated on next use.
[2021.09.25-23.38.55:166][  0]LogDerivedDataCache: Saved boot cache 0.04s 95MB C:/Users/isach/AppData/Local/UnrealEngine/4.27/DerivedDataCache/Boot.ddc.
[2021.09.25-23.38.55:167][  0]LogInit: Texture streaming: Enabled
[2021.09.25-23.38.55:177][  0]LogAnalytics: Display: [UEEditor.Rocket.Release] APIServer = https://datarouter.ol.epicgames.com/. AppVersion = 4.27.0-17155196+++UE4+Release-4.27
[2021.09.25-23.38.55:181][  0]LogEngineSessionManager: EngineSessionManager initialized
[2021.09.25-23.38.55:181][  0]LogEditorSessionSummary: Verbose: Initializing EditorSessionSummaryWriter for editor session tracking
[2021.09.25-23.38.55:186][  0]LogEditorSessionSummary: EditorSessionSummaryWriter initialized
[2021.09.25-23.38.55:211][  0]LogInit: Transaction tracking system initialized
[2021.09.25-23.38.55:230][  0]BlueprintLog: New page: Editor Load
[2021.09.25-23.38.55:279][  0]LocalizationService: Localization service is disabled
[2021.09.25-23.38.55:298][  0]TimingProfiler: Initialize
[2021.09.25-23.38.55:298][  0]TimingProfiler: OnSessionChanged
[2021.09.25-23.38.55:298][  0]LoadingProfiler: Initialize
[2021.09.25-23.38.55:298][  0]LoadingProfiler: OnSessionChanged
[2021.09.25-23.38.55:298][  0]NetworkingProfiler: Initialize
[2021.09.25-23.38.55:298][  0]NetworkingProfiler: OnSessionChanged
[2021.09.25-23.38.55:298][  0]MemoryProfiler: Initialize
[2021.09.25-23.38.55:298][  0]MemoryProfiler: OnSessionChanged
[2021.09.25-23.38.55:423][  0]LogCook: Display: CookSettings for Memory: MemoryMaxUsedVirtual 0MiB, MemoryMaxUsedPhysical 16384MiB, MemoryMinFreeVirtual 0MiB, MemoryMinFreePhysical 1024MiB
[2021.09.25-23.38.55:423][  0]LogCook: Display: Mobile HDR setting 1
[2021.09.25-23.38.55:575][  0]LogFileCache: Scanning file cache for directory 'C:/Users/isach/source/repos/IsaacXB/DVJ2/ActividadGrupal/NivelBasicoPersonaje/Content/' took 0.00s
[2021.09.25-23.38.55:575][  0]LogInit: Display: Engine is initialized. Leaving FEngineLoop::Init()
[2021.09.25-23.38.55:579][  0]LogUnrealEdMisc: Loading editor; pre map load, took 5.655
[2021.09.25-23.38.55:579][  0]Cmd: MAP LOAD FILE="../../../Engine/Content/Maps/Templates/Template_Default.umap" TEMPLATE=1 SHOWPROGRESS=1 FEATURELEVEL=3
[2021.09.25-23.38.55:579][  0]LightingResults: New page: Lighting Build
[2021.09.25-23.38.55:580][  0]LogWorld: UWorld::CleanupWorld for Untitled, bSessionEnded=true, bCleanupResources=true
[2021.09.25-23.38.55:580][  0]LogSlate: InvalidateAllWidgets triggered.  All widgets were invalidated
[2021.09.25-23.38.55:580][  0]MapCheck: New page: Map Check
[2021.09.25-23.38.55:580][  0]LightingResults: New page: Lighting Build
[2021.09.25-23.38.55:584][  0]LogAudio: Display: Audio Device unregistered from world 'None'.
[2021.09.25-23.38.55:586][  0]LogUObjectHash: Compacting FUObjectHashTables data took   0.66ms
[2021.09.25-23.38.55:636][  0]LogTexture: Display: Building textures: DeprecatedTextureEB9CBE3C423008B5E8E130901E171C89 (BGRA8, 128X128)
[2021.09.25-23.38.55:639][  0]LogAudio: Display: Audio Device (ID: 1) registered with world 'Untitled_1'.
[2021.09.25-23.38.55:639][  0]LogAIModule: Creating AISystem for world Untitled_1
[2021.09.25-23.38.55:642][  0]LogEditorServer: Finished looking for orphan Actors (0.000 secs)
[2021.09.25-23.38.55:647][  0]LogUObjectHash: Compacting FUObjectHashTables data took   0.85ms
[2021.09.25-23.38.55:647][  0]Cmd: MAP CHECKDEP NOCLEARLOG
[2021.09.25-23.38.55:647][  0]MapCheck: Map check complete: 0 Error(s), 0 Warning(s), took 0.159ms to complete.
[2021.09.25-23.38.55:648][  0]LogFileHelpers: Loading map 'Template_Default' took 0.068
[2021.09.25-23.38.55:649][  0]LogUnrealEdMisc: Total Editor Startup Time, took 5.725
[2021.09.25-23.38.55:749][  0]LogSlate: Updating window title bar state: overlay mode, drag disabled, window buttons hidden, title bar hidden
[2021.09.25-23.38.55:754][  0]LogSlate: Updating window title bar state: overlay mode, drag disabled, window buttons hidden, title bar hidden
[2021.09.25-23.38.55:760][  0]LogSlate: Updating window title bar state: overlay mode, drag disabled, window buttons hidden, title bar hidden
[2021.09.25-23.38.55:766][  0]LogSlate: Updating window title bar state: overlay mode, drag disabled, window buttons hidden, title bar hidden
[2021.09.25-23.38.55:779][  0]LogNativeClassHierarchy: Verbose: Native class hierarchy populated in 0.0081 seconds. Added 3801 classes and 910 folders.
[2021.09.25-23.38.55:783][  0]LogNativeClassHierarchy: Verbose: Native class hierarchy updated for 'WidgetCarousel' in 0.0002 seconds. Added 0 classes and 0 folders.
[2021.09.25-23.38.55:784][  0]LogPakFile: PakFile PrimaryIndexSize=187
[2021.09.25-23.38.55:784][  0]LogPakFile: PakFile PathHashIndexSize=101
[2021.09.25-23.38.55:784][  0]LogPakFile: PakFile FullDirectoryIndexSize=148
[2021.09.25-23.38.55:784][  0]LogShaderLibrary: Display: ShaderCodeLibraryPakFileMountedCallback: PakFile 'D:/Program Files (x86)/Epic Games/UE_4.27/FeaturePacks/FP_FirstPerson.upack' (chunk index -1, root 'root:/') mounted
[2021.09.25-23.38.55:784][  0]LogShaderLibrary: Display: ShaderCodeLibraryPakFileMountedCallback: pending pak file info (ChunkID:-1 Root:root:/ File:D:/Program Files (x86)/Epic Games/UE_4.27/FeaturePacks/FP_FirstPerson.upack)
[2021.09.25-23.38.55:784][  0]LogPakFile: OnPakFileMounted2Time == 0.000047
[2021.09.25-23.38.55:785][  0]LogPakFile: PakFile PrimaryIndexSize=189
[2021.09.25-23.38.55:785][  0]LogPakFile: PakFile PathHashIndexSize=101
[2021.09.25-23.38.55:785][  0]LogPakFile: PakFile FullDirectoryIndexSize=152
[2021.09.25-23.38.55:785][  0]LogShaderLibrary: Display: ShaderCodeLibraryPakFileMountedCallback: PakFile 'D:/Program Files (x86)/Epic Games/UE_4.27/FeaturePacks/FP_FirstPersonBP.upack' (chunk index -1, root 'root:/') mounted
[2021.09.25-23.38.55:785][  0]LogShaderLibrary: Display: ShaderCodeLibraryPakFileMountedCallback: pending pak file info (ChunkID:-1 Root:root:/ File:D:/Program Files (x86)/Epic Games/UE_4.27/FeaturePacks/FP_FirstPersonBP.upack)
[2021.09.25-23.38.55:785][  0]LogPakFile: OnPakFileMounted2Time == 0.000032
[2021.09.25-23.38.55:786][  0]LogPakFile: PakFile PrimaryIndexSize=191
[2021.09.25-23.38.55:786][  0]LogPakFile: PakFile PathHashIndexSize=101
[2021.09.25-23.38.55:786][  0]LogPakFile: PakFile FullDirectoryIndexSize=160
[2021.09.25-23.38.55:786][  0]LogShaderLibrary: Display: ShaderCodeLibraryPakFileMountedCallback: PakFile 'D:/Program Files (x86)/Epic Games/UE_4.27/FeaturePacks/MobileStarterContent.upack' (chunk index -1, root 'root:/') mounted
[2021.09.25-23.38.55:786][  0]LogShaderLibrary: Display: ShaderCodeLibraryPakFileMountedCallback: pending pak file info (ChunkID:-1 Root:root:/ File:D:/Program Files (x86)/Epic Games/UE_4.27/FeaturePacks/MobileStarterContent.upack)
[2021.09.25-23.38.55:786][  0]LogPakFile: OnPakFileMounted2Time == 0.000032
[2021.09.25-23.38.55:787][  0]LogPakFile: PakFile PrimaryIndexSize=185
[2021.09.25-23.38.55:787][  0]LogPakFile: PakFile PathHashIndexSize=101
[2021.09.25-23.38.55:787][  0]LogPakFile: PakFile FullDirectoryIndexSize=148
[2021.09.25-23.38.55:787][  0]LogShaderLibrary: Display: ShaderCodeLibraryPakFileMountedCallback: PakFile 'D:/Program Files (x86)/Epic Games/UE_4.27/FeaturePacks/StarterContent.upack' (chunk index -1, root 'root:/') mounted
[2021.09.25-23.38.55:787][  0]LogShaderLibrary: Display: ShaderCodeLibraryPakFileMountedCallback: pending pak file info (ChunkID:-1 Root:root:/ File:D:/Program Files (x86)/Epic Games/UE_4.27/FeaturePacks/StarterContent.upack)
[2021.09.25-23.38.55:787][  0]LogPakFile: OnPakFileMounted2Time == 0.000038
[2021.09.25-23.38.55:787][  0]LogPakFile: PakFile PrimaryIndexSize=190
[2021.09.25-23.38.55:787][  0]LogPakFile: PakFile PathHashIndexSize=101
[2021.09.25-23.38.55:787][  0]LogPakFile: PakFile FullDirectoryIndexSize=154
[2021.09.25-23.38.55:788][  0]LogShaderLibrary: Display: ShaderCodeLibraryPakFileMountedCallback: PakFile 'D:/Program Files (x86)/Epic Games/UE_4.27/FeaturePacks/TP_2DSideScroller.upack' (chunk index -1, root 'root:/') mounted
[2021.09.25-23.38.55:788][  0]LogShaderLibrary: Display: ShaderCodeLibraryPakFileMountedCallback: pending pak file info (ChunkID:-1 Root:root:/ File:D:/Program Files (x86)/Epic Games/UE_4.27/FeaturePacks/TP_2DSideScroller.upack)
[2021.09.25-23.38.55:788][  0]LogPakFile: OnPakFileMounted2Time == 0.000029
[2021.09.25-23.38.55:788][  0]LogPakFile: PakFile PrimaryIndexSize=192
[2021.09.25-23.38.55:788][  0]LogPakFile: PakFile PathHashIndexSize=101
[2021.09.25-23.38.55:788][  0]LogPakFile: PakFile FullDirectoryIndexSize=158
[2021.09.25-23.38.55:788][  0]LogShaderLibrary: Display: ShaderCodeLibraryPakFileMountedCallback: PakFile 'D:/Program Files (x86)/Epic Games/UE_4.27/FeaturePacks/TP_2DSideScrollerBP.upack' (chunk index -1, root 'root:/') mounted
[2021.09.25-23.38.55:788][  0]LogShaderLibrary: Display: ShaderCodeLibraryPakFileMountedCallback: pending pak file info (ChunkID:-1 Root:root:/ File:D:/Program Files (x86)/Epic Games/UE_4.27/FeaturePacks/TP_2DSideScrollerBP.upack)
[2021.09.25-23.38.55:788][  0]LogPakFile: OnPakFileMounted2Time == 0.000029
[2021.09.25-23.38.55:789][  0]LogPakFile: PakFile PrimaryIndexSize=182
[2021.09.25-23.38.55:789][  0]LogPakFile: PakFile PathHashIndexSize=101
[2021.09.25-23.38.55:789][  0]LogPakFile: PakFile FullDirectoryIndexSize=138
[2021.09.25-23.38.55:789][  0]LogShaderLibrary: Display: ShaderCodeLibraryPakFileMountedCallback: PakFile 'D:/Program Files (x86)/Epic Games/UE_4.27/FeaturePacks/TP_Flying.upack' (chunk index -1, root 'root:/') mounted
[2021.09.25-23.38.55:789][  0]LogShaderLibrary: Display: ShaderCodeLibraryPakFileMountedCallback: pending pak file info (ChunkID:-1 Root:root:/ File:D:/Program Files (x86)/Epic Games/UE_4.27/FeaturePacks/TP_Flying.upack)
[2021.09.25-23.38.55:789][  0]LogPakFile: OnPakFileMounted2Time == 0.000027
[2021.09.25-23.38.55:790][  0]LogPakFile: PakFile PrimaryIndexSize=184
[2021.09.25-23.38.55:790][  0]LogPakFile: PakFile PathHashIndexSize=101
[2021.09.25-23.38.55:790][  0]LogPakFile: PakFile FullDirectoryIndexSize=142
[2021.09.25-23.38.55:790][  0]LogShaderLibrary: Display: ShaderCodeLibraryPakFileMountedCallback: PakFile 'D:/Program Files (x86)/Epic Games/UE_4.27/FeaturePacks/TP_FlyingBP.upack' (chunk index -1, root 'root:/') mounted
[2021.09.25-23.38.55:790][  0]LogShaderLibrary: Display: ShaderCodeLibraryPakFileMountedCallback: pending pak file info (ChunkID:-1 Root:root:/ File:D:/Program Files (x86)/Epic Games/UE_4.27/FeaturePacks/TP_FlyingBP.upack)
[2021.09.25-23.38.55:790][  0]LogPakFile: OnPakFileMounted2Time == 0.000027
[2021.09.25-23.38.55:790][  0]LogPakFile: PakFile PrimaryIndexSize=188
[2021.09.25-23.38.55:790][  0]LogPakFile: PakFile PathHashIndexSize=101
[2021.09.25-23.38.55:790][  0]LogPakFile: PakFile FullDirectoryIndexSize=150
[2021.09.25-23.38.55:790][  0]LogShaderLibrary: Display: ShaderCodeLibraryPakFileMountedCallback: PakFile 'D:/Program Files (x86)/Epic Games/UE_4.27/FeaturePacks/TP_HandheldARBP.upack' (chunk index -1, root 'root:/') mounted
[2021.09.25-23.38.55:790][  0]LogShaderLibrary: Display: ShaderCodeLibraryPakFileMountedCallback: pending pak file info (ChunkID:-1 Root:root:/ File:D:/Program Files (x86)/Epic Games/UE_4.27/FeaturePacks/TP_HandheldARBP.upack)
[2021.09.25-23.38.55:790][  0]LogPakFile: OnPakFileMounted2Time == 0.000026
[2021.09.25-23.38.55:791][  0]LogPakFile: PakFile PrimaryIndexSize=182
[2021.09.25-23.38.55:791][  0]LogPakFile: PakFile PathHashIndexSize=101
[2021.09.25-23.38.55:791][  0]LogPakFile: PakFile FullDirectoryIndexSize=138
[2021.09.25-23.38.55:791][  0]LogShaderLibrary: Display: ShaderCodeLibraryPakFileMountedCallback: PakFile 'D:/Program Files (x86)/Epic Games/UE_4.27/FeaturePacks/TP_Puzzle.upack' (chunk index -1, root 'root:/') mounted
[2021.09.25-23.38.55:791][  0]LogShaderLibrary: Display: ShaderCodeLibraryPakFileMountedCallback: pending pak file info (ChunkID:-1 Root:root:/ File:D:/Program Files (x86)/Epic Games/UE_4.27/FeaturePacks/TP_Puzzle.upack)
[2021.09.25-23.38.55:791][  0]LogPakFile: OnPakFileMounted2Time == 0.000041
[2021.09.25-23.38.55:792][  0]LogPakFile: PakFile PrimaryIndexSize=184
[2021.09.25-23.38.55:792][  0]LogPakFile: PakFile PathHashIndexSize=101
[2021.09.25-23.38.55:792][  0]LogPakFile: PakFile FullDirectoryIndexSize=142
[2021.09.25-23.38.55:792][  0]LogShaderLibrary: Display: ShaderCodeLibraryPakFileMountedCallback: PakFile 'D:/Program Files (x86)/Epic Games/UE_4.27/FeaturePacks/TP_PuzzleBP.upack' (chunk index -1, root 'root:/') mounted
[2021.09.25-23.38.55:792][  0]LogShaderLibrary: Display: ShaderCodeLibraryPakFileMountedCallback: pending pak file info (ChunkID:-1 Root:root:/ File:D:/Program Files (x86)/Epic Games/UE_4.27/FeaturePacks/TP_PuzzleBP.upack)
[2021.09.25-23.38.55:792][  0]LogPakFile: OnPakFileMounted2Time == 0.000028
[2021.09.25-23.38.55:793][  0]LogPakFile: PakFile PrimaryIndexSize=183
[2021.09.25-23.38.55:793][  0]LogPakFile: PakFile PathHashIndexSize=101
[2021.09.25-23.38.55:793][  0]LogPakFile: PakFile FullDirectoryIndexSize=140
[2021.09.25-23.38.55:793][  0]LogShaderLibrary: Display: ShaderCodeLibraryPakFileMountedCallback: PakFile 'D:/Program Files (x86)/Epic Games/UE_4.27/FeaturePacks/TP_Rolling.upack' (chunk index -1, root 'root:/') mounted
[2021.09.25-23.38.55:793][  0]LogShaderLibrary: Display: ShaderCodeLibraryPakFileMountedCallback: pending pak file info (ChunkID:-1 Root:root:/ File:D:/Program Files (x86)/Epic Games/UE_4.27/FeaturePacks/TP_Rolling.upack)
[2021.09.25-23.38.55:793][  0]LogPakFile: OnPakFileMounted2Time == 0.000027
[2021.09.25-23.38.55:793][  0]LogPakFile: PakFile PrimaryIndexSize=185
[2021.09.25-23.38.55:793][  0]LogPakFile: PakFile PathHashIndexSize=101
[2021.09.25-23.38.55:793][  0]LogPakFile: PakFile FullDirectoryIndexSize=144
[2021.09.25-23.38.55:793][  0]LogShaderLibrary: Display: ShaderCodeLibraryPakFileMountedCallback: PakFile 'D:/Program Files (x86)/Epic Games/UE_4.27/FeaturePacks/TP_RollingBP.upack' (chunk index -1, root 'root:/') mounted
[2021.09.25-23.38.55:793][  0]LogShaderLibrary: Display: ShaderCodeLibraryPakFileMountedCallback: pending pak file info (ChunkID:-1 Root:root:/ File:D:/Program Files (x86)/Epic Games/UE_4.27/FeaturePacks/TP_RollingBP.upack)
[2021.09.25-23.38.55:793][  0]LogPakFile: OnPakFileMounted2Time == 0.000026
[2021.09.25-23.38.55:794][  0]LogPakFile: PakFile PrimaryIndexSize=188
[2021.09.25-23.38.55:794][  0]LogPakFile: PakFile PathHashIndexSize=101
[2021.09.25-23.38.55:794][  0]LogPakFile: PakFile FullDirectoryIndexSize=150
[2021.09.25-23.38.55:794][  0]LogShaderLibrary: Display: ShaderCodeLibraryPakFileMountedCallback: PakFile 'D:/Program Files (x86)/Epic Games/UE_4.27/FeaturePacks/TP_SideScroller.upack' (chunk index -1, root 'root:/') mounted
[2021.09.25-23.38.55:794][  0]LogShaderLibrary: Display: ShaderCodeLibraryPakFileMountedCallback: pending pak file info (ChunkID:-1 Root:root:/ File:D:/Program Files (x86)/Epic Games/UE_4.27/FeaturePacks/TP_SideScroller.upack)
[2021.09.25-23.38.55:794][  0]LogPakFile: OnPakFileMounted2Time == 0.000026
[2021.09.25-23.38.55:795][  0]LogPakFile: PakFile PrimaryIndexSize=190
[2021.09.25-23.38.55:795][  0]LogPakFile: PakFile PathHashIndexSize=101
[2021.09.25-23.38.55:795][  0]LogPakFile: PakFile FullDirectoryIndexSize=154
[2021.09.25-23.38.55:795][  0]LogShaderLibrary: Display: ShaderCodeLibraryPakFileMountedCallback: PakFile 'D:/Program Files (x86)/Epic Games/UE_4.27/FeaturePacks/TP_SideScrollerBP.upack' (chunk index -1, root 'root:/') mounted
[2021.09.25-23.38.55:795][  0]LogShaderLibrary: Display: ShaderCodeLibraryPakFileMountedCallback: pending pak file info (ChunkID:-1 Root:root:/ File:D:/Program Files (x86)/Epic Games/UE_4.27/FeaturePacks/TP_SideScrollerBP.upack)
[2021.09.25-23.38.55:795][  0]LogPakFile: OnPakFileMounted2Time == 0.000027
[2021.09.25-23.38.55:795][  0]LogPakFile: PakFile PrimaryIndexSize=187
[2021.09.25-23.38.55:795][  0]LogPakFile: PakFile PathHashIndexSize=101
[2021.09.25-23.38.55:795][  0]LogPakFile: PakFile FullDirectoryIndexSize=148
[2021.09.25-23.38.55:795][  0]LogShaderLibrary: Display: ShaderCodeLibraryPakFileMountedCallback: PakFile 'D:/Program Files (x86)/Epic Games/UE_4.27/FeaturePacks/TP_ThirdPerson.upack' (chunk index -1, root 'root:/') mounted
[2021.09.25-23.38.55:795][  0]LogShaderLibrary: Display: ShaderCodeLibraryPakFileMountedCallback: pending pak file info (ChunkID:-1 Root:root:/ File:D:/Program Files (x86)/Epic Games/UE_4.27/FeaturePacks/TP_ThirdPerson.upack)
[2021.09.25-23.38.55:795][  0]LogPakFile: OnPakFileMounted2Time == 0.000027
[2021.09.25-23.38.55:796][  0]LogPakFile: PakFile PrimaryIndexSize=189
[2021.09.25-23.38.55:796][  0]LogPakFile: PakFile PathHashIndexSize=101
[2021.09.25-23.38.55:796][  0]LogPakFile: PakFile FullDirectoryIndexSize=152
[2021.09.25-23.38.55:796][  0]LogShaderLibrary: Display: ShaderCodeLibraryPakFileMountedCallback: PakFile 'D:/Program Files (x86)/Epic Games/UE_4.27/FeaturePacks/TP_ThirdPersonBP.upack' (chunk index -1, root 'root:/') mounted
[2021.09.25-23.38.55:796][  0]LogShaderLibrary: Display: ShaderCodeLibraryPakFileMountedCallback: pending pak file info (ChunkID:-1 Root:root:/ File:D:/Program Files (x86)/Epic Games/UE_4.27/FeaturePacks/TP_ThirdPersonBP.upack)
[2021.09.25-23.38.55:796][  0]LogPakFile: OnPakFileMounted2Time == 0.000039
[2021.09.25-23.38.55:797][  0]LogPakFile: PakFile PrimaryIndexSize=183
[2021.09.25-23.38.55:797][  0]LogPakFile: PakFile PathHashIndexSize=101
[2021.09.25-23.38.55:797][  0]LogPakFile: PakFile FullDirectoryIndexSize=140
[2021.09.25-23.38.55:797][  0]LogShaderLibrary: Display: ShaderCodeLibraryPakFileMountedCallback: PakFile 'D:/Program Files (x86)/Epic Games/UE_4.27/FeaturePacks/TP_TopDown.upack' (chunk index -1, root 'root:/') mounted
[2021.09.25-23.38.55:797][  0]LogShaderLibrary: Display: ShaderCodeLibraryPakFileMountedCallback: pending pak file info (ChunkID:-1 Root:root:/ File:D:/Program Files (x86)/Epic Games/UE_4.27/FeaturePacks/TP_TopDown.upack)
[2021.09.25-23.38.55:797][  0]LogPakFile: OnPakFileMounted2Time == 0.000052
[2021.09.25-23.38.55:798][  0]LogPakFile: PakFile PrimaryIndexSize=185
[2021.09.25-23.38.55:798][  0]LogPakFile: PakFile PathHashIndexSize=101
[2021.09.25-23.38.55:798][  0]LogPakFile: PakFile FullDirectoryIndexSize=144
[2021.09.25-23.38.55:798][  0]LogShaderLibrary: Display: ShaderCodeLibraryPakFileMountedCallback: PakFile 'D:/Program Files (x86)/Epic Games/UE_4.27/FeaturePacks/TP_TopDownBP.upack' (chunk index -1, root 'root:/') mounted
[2021.09.25-23.38.55:798][  0]LogShaderLibrary: Display: ShaderCodeLibraryPakFileMountedCallback: pending pak file info (ChunkID:-1 Root:root:/ File:D:/Program Files (x86)/Epic Games/UE_4.27/FeaturePacks/TP_TopDownBP.upack)
[2021.09.25-23.38.55:798][  0]LogPakFile: OnPakFileMounted2Time == 0.000027
[2021.09.25-23.38.55:798][  0]LogPakFile: PakFile PrimaryIndexSize=185
[2021.09.25-23.38.55:798][  0]LogPakFile: PakFile PathHashIndexSize=101
[2021.09.25-23.38.55:798][  0]LogPakFile: PakFile FullDirectoryIndexSize=144
[2021.09.25-23.38.55:798][  0]LogShaderLibrary: Display: ShaderCodeLibraryPakFileMountedCallback: PakFile 'D:/Program Files (x86)/Epic Games/UE_4.27/FeaturePacks/TP_TwinStick.upack' (chunk index -1, root 'root:/') mounted
[2021.09.25-23.38.55:799][  0]LogShaderLibrary: Display: ShaderCodeLibraryPakFileMountedCallback: pending pak file info (ChunkID:-1 Root:root:/ File:D:/Program Files (x86)/Epic Games/UE_4.27/FeaturePacks/TP_TwinStick.upack)
[2021.09.25-23.38.55:799][  0]LogPakFile: OnPakFileMounted2Time == 0.000036
[2021.09.25-23.38.55:799][  0]LogPakFile: PakFile PrimaryIndexSize=187
[2021.09.25-23.38.55:799][  0]LogPakFile: PakFile PathHashIndexSize=101
[2021.09.25-23.38.55:799][  0]LogPakFile: PakFile FullDirectoryIndexSize=148
[2021.09.25-23.38.55:799][  0]LogShaderLibrary: Display: ShaderCodeLibraryPakFileMountedCallback: PakFile 'D:/Program Files (x86)/Epic Games/UE_4.27/FeaturePacks/TP_TwinStickBP.upack' (chunk index -1, root 'root:/') mounted
[2021.09.25-23.38.55:799][  0]LogShaderLibrary: Display: ShaderCodeLibraryPakFileMountedCallback: pending pak file info (ChunkID:-1 Root:root:/ File:D:/Program Files (x86)/Epic Games/UE_4.27/FeaturePacks/TP_TwinStickBP.upack)
[2021.09.25-23.38.55:799][  0]LogPakFile: OnPakFileMounted2Time == 0.000033
[2021.09.25-23.38.55:800][  0]LogPakFile: PakFile PrimaryIndexSize=183
[2021.09.25-23.38.55:800][  0]LogPakFile: PakFile PathHashIndexSize=101
[2021.09.25-23.38.55:800][  0]LogPakFile: PakFile FullDirectoryIndexSize=140
[2021.09.25-23.38.55:800][  0]LogShaderLibrary: Display: ShaderCodeLibraryPakFileMountedCallback: PakFile 'D:/Program Files (x86)/Epic Games/UE_4.27/FeaturePacks/TP_Vehicle.upack' (chunk index -1, root 'root:/') mounted
[2021.09.25-23.38.55:800][  0]LogShaderLibrary: Display: ShaderCodeLibraryPakFileMountedCallback: pending pak file info (ChunkID:-1 Root:root:/ File:D:/Program Files (x86)/Epic Games/UE_4.27/FeaturePacks/TP_Vehicle.upack)
[2021.09.25-23.38.55:800][  0]LogPakFile: OnPakFileMounted2Time == 0.000033
[2021.09.25-23.38.55:801][  0]LogPakFile: PakFile PrimaryIndexSize=186
[2021.09.25-23.38.55:801][  0]LogPakFile: PakFile PathHashIndexSize=101
[2021.09.25-23.38.55:801][  0]LogPakFile: PakFile FullDirectoryIndexSize=146
[2021.09.25-23.38.55:801][  0]LogShaderLibrary: Display: ShaderCodeLibraryPakFileMountedCallback: PakFile 'D:/Program Files (x86)/Epic Games/UE_4.27/FeaturePacks/TP_VehicleAdv.upack' (chunk index -1, root 'root:/') mounted
[2021.09.25-23.38.55:801][  0]LogShaderLibrary: Display: ShaderCodeLibraryPakFileMountedCallback: pending pak file info (ChunkID:-1 Root:root:/ File:D:/Program Files (x86)/Epic Games/UE_4.27/FeaturePacks/TP_VehicleAdv.upack)
[2021.09.25-23.38.55:801][  0]LogPakFile: OnPakFileMounted2Time == 0.000045
[2021.09.25-23.38.55:802][  0]LogPakFile: PakFile PrimaryIndexSize=188
[2021.09.25-23.38.55:802][  0]LogPakFile: PakFile PathHashIndexSize=101
[2021.09.25-23.38.55:802][  0]LogPakFile: PakFile FullDirectoryIndexSize=150
[2021.09.25-23.38.55:802][  0]LogShaderLibrary: Display: ShaderCodeLibraryPakFileMountedCallback: PakFile 'D:/Program Files (x86)/Epic Games/UE_4.27/FeaturePacks/TP_VehicleAdvBP.upack' (chunk index -1, root 'root:/') mounted
[2021.09.25-23.38.55:802][  0]LogShaderLibrary: Display: ShaderCodeLibraryPakFileMountedCallback: pending pak file info (ChunkID:-1 Root:root:/ File:D:/Program Files (x86)/Epic Games/UE_4.27/FeaturePacks/TP_VehicleAdvBP.upack)
[2021.09.25-23.38.55:802][  0]LogPakFile: OnPakFileMounted2Time == 0.000027
[2021.09.25-23.38.55:802][  0]LogPakFile: PakFile PrimaryIndexSize=185
[2021.09.25-23.38.55:802][  0]LogPakFile: PakFile PathHashIndexSize=101
[2021.09.25-23.38.55:803][  0]LogPakFile: PakFile FullDirectoryIndexSize=144
[2021.09.25-23.38.55:803][  0]LogShaderLibrary: Display: ShaderCodeLibraryPakFileMountedCallback: PakFile 'D:/Program Files (x86)/Epic Games/UE_4.27/FeaturePacks/TP_VehicleBP.upack' (chunk index -1, root 'root:/') mounted
[2021.09.25-23.38.55:803][  0]LogShaderLibrary: Display: ShaderCodeLibraryPakFileMountedCallback: pending pak file info (ChunkID:-1 Root:root:/ File:D:/Program Files (x86)/Epic Games/UE_4.27/FeaturePacks/TP_VehicleBP.upack)
[2021.09.25-23.38.55:803][  0]LogPakFile: OnPakFileMounted2Time == 0.000027
[2021.09.25-23.38.55:803][  0]LogPakFile: PakFile PrimaryIndexSize=192
[2021.09.25-23.38.55:803][  0]LogPakFile: PakFile PathHashIndexSize=101
[2021.09.25-23.38.55:803][  0]LogPakFile: PakFile FullDirectoryIndexSize=158
[2021.09.25-23.38.55:803][  0]LogShaderLibrary: Display: ShaderCodeLibraryPakFileMountedCallback: PakFile 'D:/Program Files (x86)/Epic Games/UE_4.27/FeaturePacks/TP_VirtualRealityBP.upack' (chunk index -1, root 'root:/') mounted
[2021.09.25-23.38.55:803][  0]LogShaderLibrary: Display: ShaderCodeLibraryPakFileMountedCallback: pending pak file info (ChunkID:-1 Root:root:/ File:D:/Program Files (x86)/Epic Games/UE_4.27/FeaturePacks/TP_VirtualRealityBP.upack)
[2021.09.25-23.38.55:803][  0]LogPakFile: OnPakFileMounted2Time == 0.000028
[2021.09.25-23.38.55:877][  0]LogNativeClassHierarchy: Verbose: Native class hierarchy updated for 'AddContentDialog' in 0.0002 seconds. Added 0 classes and 0 folders.
[2021.09.25-23.38.55:881][  0]LogNativeClassHierarchy: Verbose: Native class hierarchy updated for 'SceneOutliner' in 0.0002 seconds. Added 2 classes and 0 folders.
[2021.09.25-23.38.55:972][  0]LogSlate: Took 0.000292 seconds to synchronously load lazily loaded font '../../../Engine/Content/Slate/Fonts/Roboto-Regular.ttf' (155K)
[2021.09.25-23.38.55:973][  0]LogSlate: Took 0.000268 seconds to synchronously load lazily loaded font '../../../Engine/Content/Editor/Slate/Fonts/FontAwesome.ttf' (139K)
[2021.09.25-23.38.55:975][  0]LogSlate: Took 0.000199 seconds to synchronously load lazily loaded font '../../../Engine/Content/Slate/Fonts/Roboto-Bold.ttf' (160K)
[2021.09.25-23.38.56:048][  0]LogRenderer: Reallocating scene render targets to support 1616x808 Format 10 NumSamples 1 (Frame:1).
[2021.09.25-23.38.56:120][  0]LogNativeClassHierarchy: Verbose: Native class hierarchy updated for 'HierarchicalLODOutliner' in 0.0002 seconds. Added 0 classes and 0 folders.
[2021.09.25-23.38.56:120][  0]LogLoad: (Engine Initialization) Total time: 6.20 seconds
[2021.09.25-23.38.56:120][  0]LogLoad: (Engine Initialization) Total Blueprint compile time: 0.00 seconds
[2021.09.25-23.38.56:156][  0]LogAssetRegistry: Asset discovery search completed in 3.4151 seconds
[2021.09.25-23.38.56:161][  0]LogCollectionManager: Fixed up redirectors for 0 collections in 0.000003 seconds (updated 0 objects)
[2021.09.25-23.38.56:162][  0]LogContentStreaming: Texture pool size now 1000 MB
[2021.09.25-23.39.01:570][492]LogSlate: Window 'Plugins' being destroyed
[2021.09.25-23.39.01:573][492]LogSlate: Window 'Plugins' being destroyed
[2021.09.25-23.39.01:573][492]LogDirectoryWatcher: A directory notification for '../../../Engine/Plugins/' was aborted.
[2021.09.25-23.39.03:929][766]SourceControl: fatal: /Temp: '/Temp' is outside repository
[2021.09.25-23.39.04:119][766]LogSlate: Took 0.000160 seconds to synchronously load lazily loaded font '../../../Engine/Content/Slate/Fonts/Roboto-Light.ttf' (167K)
[2021.09.25-23.39.11:361][766]LogSlate: Window 'Message' being destroyed
[2021.09.25-23.39.11:364][766]Message dialog closed, result: Yes, title: Message, text: Map01 already exists. Do you want to replace it?
[2021.09.25-23.39.11:364][766]LogSlate: Window 'Save Level As' being destroyed
[2021.09.25-23.39.11:371][766]LogSlate: Took 0.000151 seconds to synchronously load lazily loaded font '../../../Engine/Content/Slate/Fonts/Roboto-Light.ttf' (167K)
[2021.09.25-23.39.11:386][766]Cmd: OBJ SAVEPACKAGE PACKAGE="/Game/Maps/Map01" FILE="C:/Users/isach/source/repos/IsaacXB/DVJ2/ActividadGrupal/NivelBasicoPersonaje/Content/Maps/Map01.umap" SILENT=true AUTOSAVING=false KEEPDIRTY=false
[2021.09.25-23.39.11:391][766]LogUObjectHash: Compacting FUObjectHashTables data took   0.49ms
[2021.09.25-23.39.11:397][766]LogSavePackage: Moving 'C:/Users/isach/source/repos/IsaacXB/DVJ2/ActividadGrupal/NivelBasicoPersonaje/Saved/Map011310478A44F9B516C1D9BBB79F5B910A.tmp' to 'C:/Users/isach/source/repos/IsaacXB/DVJ2/ActividadGrupal/NivelBasicoPersonaje/Content/Maps/Map01.umap'
[2021.09.25-23.39.11:446][766]Cmd: OBJ SAVEPACKAGE PACKAGE="/Game/Maps/Map01_BuiltData" FILE="C:/Users/isach/source/repos/IsaacXB/DVJ2/ActividadGrupal/NivelBasicoPersonaje/Content/Maps/Map01_BuiltData.uasset" SILENT=true
[2021.09.25-23.39.11:457][766]LogSavePackage: Moving 'C:/Users/isach/source/repos/IsaacXB/DVJ2/ActividadGrupal/NivelBasicoPersonaje/Saved/Map01_BuiltDataCEA041BE4A15B628E50D5786112A61C9.tmp' to 'C:/Users/isach/source/repos/IsaacXB/DVJ2/ActividadGrupal/NivelBasicoPersonaje/Content/Maps/Map01_BuiltData.uasset'
[2021.09.25-23.39.11:461][766]LogFileHelpers: Saving map 'Map01' took 0.092
[2021.09.25-23.39.11:463][766]AssetCheck: New page: Asset Save: multiple assets
[2021.09.25-23.39.11:463][766]LogContentValidation: Display: Validating MapBuildDataRegistry /Game/Maps/Map01_BuiltData.Map01_BuiltData
[2021.09.25-23.39.11:463][766]LogContentValidation: Display: Validating World /Game/Maps/Map01.Map01
[2021.09.25-23.39.11:531][774]SourceControl: fatal: /Temp: '/Temp' is outside repository
[2021.09.25-23.42.39:182][678]Cmd: SELECT NONE
[2021.09.25-23.42.40:278][782]Cmd: SELECT NONE
